.
.
JAVA Memory arguments: -Xms256m -Xmx512m -XX:CompileThreshold=8000 -XX:PermSize=48m  -XX:MaxPermSize=128m
.
WLS Start Mode=Development
.
CLASSPATH=/weblogic103/bea/patch_wls1036/profiles/default/sys_manifest_classpath/weblogic_patch.jar:/weblogic103/bea/patch_ocp371/profiles/default/sys_manifest_classpath/weblogic_patch.jar:/home/weblogic/jdk1.6.0_45/lib/tools.jar:/weblogic103/bea/wlserver_10.3/server/lib/weblogic_sp.jar:/weblogic103/bea/wlserver_10.3/server/lib/weblogic.jar:/weblogic103/bea/modules/features/weblogic.server.modules_10.3.6.0.jar:/weblogic103/bea/wlserver_10.3/server/lib/webservices.jar:/weblogic103/bea/modules/org.apache.ant_1.7.1/lib/ant-all.jar:/weblogic103/bea/modules/net.sf.antcontrib_1.1.0.0_1-0b2/lib/ant-contrib.jar:/weblogic103/bea/wlserver_10.3/common/derby/lib/derbyclient.jar:/weblogic103/bea/wlserver_10.3/server/lib/xqrl.jar
.
PATH=/weblogic103/bea/wlserver_10.3/server/bin:/weblogic103/bea/modules/org.apache.ant_1.7.1/bin:/home/weblogic/jdk1.6.0_45/jre/bin:/home/weblogic/jdk1.6.0_45/bin:/usr/kerberos/bin:/usr/local/bin:/bin:/usr/bin:/home/weblogic/bin
.
***************************************************
*  To start WebLogic Server, use a username and   *
*  password assigned to an admin-level user.  For *
*  server administration, use the WebLogic Server *
*  console at http://hostname:port/console        *
***************************************************
starting weblogic with Java version:
java version "1.6.0_45"
Java(TM) SE Runtime Environment (build 1.6.0_45-b06)
Java HotSpot(TM) Client VM (build 20.45-b01, mixed mode, sharing)
Starting WLS with line:
/home/weblogic/jdk1.6.0_45/bin/java -client   -Xms256m -Xmx512m -XX:CompileThreshold=8000 -XX:PermSize=48m  -XX:MaxPermSize=128m -Dweblogic.Name=ghwx -Djava.security.policy=/weblogic103/bea/wlserver_10.3/server/lib/weblogic.policy  -Xverify:none  -da -Dplatform.home=/weblogic103/bea/wlserver_10.3 -Dwls.home=/weblogic103/bea/wlserver_10.3/server -Dweblogic.home=/weblogic103/bea/wlserver_10.3/server   -Dweblogic.management.discover=true  -Dwlw.iterativeDev= -Dwlw.testConsole= -Dwlw.logErrorsToConsole= -Dweblogic.ext.dirs=/weblogic103/bea/patch_wls1036/profiles/default/sysext_manifest_classpath:/weblogic103/bea/patch_ocp371/profiles/default/sysext_manifest_classpath -Dfile.encoding=GBK  weblogic.Server
<Oct 15, 2015 9:49:44 AM CST> <Info> <Security> <BEA-090905> <Disabling CryptoJ JCE Provider self-integrity check for better startup performance. To enable this check, specify -Dweblogic.security.allowCryptoJDefaultJCEVerification=true> 
<Oct 15, 2015 9:49:44 AM CST> <Info> <Security> <BEA-090906> <Changing the default Random Number Generator in RSA CryptoJ from ECDRBG to FIPS186PRNG. To disable this change, specify -Dweblogic.security.allowCryptoJDefaultPRNG=true> 
<Oct 15, 2015 9:49:45 AM CST> <Info> <WebLogicServer> <BEA-000377> <Starting WebLogic Server with Java HotSpot(TM) Client VM Version 20.45-b01 from Sun Microsystems Inc.> 
<Oct 15, 2015 9:49:45 AM CST> <Info> <Management> <BEA-141107> <Version: WebLogic Server 10.3.6.0  Tue Nov 15 08:52:36 PST 2011 1441050 > 
<Oct 15, 2015 9:49:46 AM CST> <Notice> <WebLogicServer> <BEA-000365> <Server state changed to STARTING> 
<Oct 15, 2015 9:49:46 AM CST> <Info> <WorkManager> <BEA-002900> <Initializing self-tuning thread pool> 
<Oct 15, 2015 9:49:47 AM CST> <Notice> <LoggingService> <BEA-320400> <The log file /weblogic103/bea/user_projects/domains1/base_domain/servers/ghwx/logs/ghwx.log will be rotated. Reopen the log file if tailing has stopped. This can happen on some platforms like Windows.> 
<Oct 15, 2015 9:49:47 AM CST> <Notice> <LoggingService> <BEA-320401> <The log file has been rotated to /weblogic103/bea/user_projects/domains1/base_domain/servers/ghwx/logs/ghwx.log00002. Log messages will continue to be logged in /weblogic103/bea/user_projects/domains1/base_domain/servers/ghwx/logs/ghwx.log.> 
<Oct 15, 2015 9:49:47 AM CST> <Notice> <Log Management> <BEA-170019> <The server log file /weblogic103/bea/user_projects/domains1/base_domain/servers/ghwx/logs/ghwx.log is opened. All server side log events will be written to this file.> 
<Oct 15, 2015 9:49:49 AM CST> <Notice> <Security> <BEA-090082> <Security initializing using security realm myrealm.> 
<Oct 15, 2015 9:49:50 AM CST> <Notice> <LoggingService> <BEA-320400> <The log file /weblogic103/bea/user_projects/domains1/base_domain/servers/ghwx/logs/access.log will be rotated. Reopen the log file if tailing has stopped. This can happen on some platforms like Windows.> 
<Oct 15, 2015 9:49:50 AM CST> <Notice> <LoggingService> <BEA-320401> <The log file has been rotated to /weblogic103/bea/user_projects/domains1/base_domain/servers/ghwx/logs/access.log00001. Log messages will continue to be logged in /weblogic103/bea/user_projects/domains1/base_domain/servers/ghwx/logs/access.log.> 
<Oct 15, 2015 9:49:52 AM CST> <Notice> <WebLogicServer> <BEA-000365> <Server state changed to STANDBY> 
<Oct 15, 2015 9:49:52 AM CST> <Notice> <WebLogicServer> <BEA-000365> <Server state changed to STARTING> 
启动定时获取微信access_token线程
Oct 15, 2015 9:50:00 AM org.springframework.web.servlet.FrameworkServlet initServletBean
INFO: FrameworkServlet 'springmvc': initialization started
Oct 15, 2015 9:50:00 AM org.springframework.context.support.AbstractApplicationContext prepareRefresh
INFO: Refreshing WebApplicationContext for namespace 'springmvc-servlet': startup date [Thu Oct 15 09:50:00 CST 2015]; root of context hierarchy
Oct 15, 2015 9:50:00 AM org.springframework.beans.factory.xml.XmlBeanDefinitionReader loadBeanDefinitions
INFO: Loading XML bean definitions from URL [zip:/weblogic103/bea/user_projects/domains1/base_domain/servers/ghwx/tmp/_WL_user/_appsdir_ghwx_war/ut7at2/war/WEB-INF/lib/_wl_cls_gen.jar!/spring-mvc.xml]
Oct 15, 2015 9:50:00 AM org.springframework.beans.factory.xml.XmlBeanDefinitionReader loadBeanDefinitions
INFO: Loading XML bean definitions from class path resource [config/customer/webservicesClient.xml]
[2015-10-15 09:50:01]获取微信公众号access_token成功，有效时长7200秒 token:LTVGGnZFwZ7x-J-2hO8Z4Zc_1R8qYUZxIfxRwjmHoPXbsLuDpKVcz6zk9C1oUa6cPwTpgF9iU9bGQzAtjJ0zNoTYmHptd7q2UyzH5y8DZCs
Oct 15, 2015 9:50:01 AM org.springframework.core.io.support.PropertiesLoaderSupport loadProperties
INFO: Loading properties file from ServletContext resource [/WEB-INF/config.properties]
Oct 15, 2015 9:50:01 AM org.springframework.beans.factory.support.DefaultListableBeanFactory preInstantiateSingletons
INFO: Pre-instantiating singletons in org.springframework.beans.factory.support.DefaultListableBeanFactory@17ebdf8: defining beans [esPropertyConfigurer,ghCustomerClientController,hrClientController,wxAuthenticationController,taskScheduled,ghCustomerClientServiceImpl,hrClientServiceImpl,org.springframework.context.annotation.internalConfigurationAnnotationProcessor,org.springframework.context.annotation.internalAutowiredAnnotationProcessor,org.springframework.context.annotation.internalRequiredAnnotationProcessor,org.springframework.context.annotation.internalCommonAnnotationProcessor,org.springframework.context.annotation.internalPersistenceAnnotationProcessor,org.springframework.scheduling.annotation.internalAsyncAnnotationProcessor,org.springframework.scheduling.annotation.internalScheduledAnnotationProcessor,org.springframework.web.servlet.mvc.annotation.DefaultAnnotationHandlerMapping#0,org.springframework.format.support.FormattingConversionServiceFactoryBean#0,org.springframework.web.servlet.mvc.annotation.AnnotationMethodHandlerAdapter#0,org.springframework.web.servlet.handler.MappedInterceptor#0,org.springframework.web.servlet.view.InternalResourceViewResolver#0,clientLogInterceptor,customerAccountService.proxyFactory,customerAccountService,customerAuthcodeService.proxyFactory,customerAuthcodeService,customerLoginService.proxyFactory,customerLoginService,customerSecurityService.proxyFactory,customerSecurityService,customerCertifyService.proxyFactory,customerCertifyService]; root of factory hierarchy
Oct 15, 2015 9:50:01 AM org.springframework.context.support.AbstractApplicationContext prepareRefresh
INFO: Refreshing org.apache.cxf.bus.spring.BusApplicationContext@5dcf43: startup date [Thu Oct 15 09:50:01 CST 2015]; root of context hierarchy
Oct 15, 2015 9:50:01 AM org.springframework.beans.factory.xml.XmlBeanDefinitionReader loadBeanDefinitions
INFO: Loading XML bean definitions from class path resource [META-INF/cxf/cxf.xml]
Oct 15, 2015 9:50:01 AM org.springframework.beans.factory.xml.XmlBeanDefinitionReader loadBeanDefinitions
INFO: Loading XML bean definitions from class path resource [META-INF/cxf/cxf-extension-corba.xml]
Oct 15, 2015 9:50:01 AM org.springframework.beans.factory.xml.XmlBeanDefinitionReader loadBeanDefinitions
INFO: Loading XML bean definitions from class path resource [META-INF/cxf/cxf-extension-jaxws.xml]
Oct 15, 2015 9:50:01 AM org.springframework.beans.factory.xml.XmlBeanDefinitionReader loadBeanDefinitions
INFO: Loading XML bean definitions from class path resource [META-INF/cxf/cxf-extension-soap.xml]
Oct 15, 2015 9:50:01 AM org.springframework.beans.factory.xml.XmlBeanDefinitionReader loadBeanDefinitions
INFO: Loading XML bean definitions from class path resource [META-INF/cxf/cxf-extension-xml.xml]
Oct 15, 2015 9:50:01 AM org.springframework.beans.factory.xml.XmlBeanDefinitionReader loadBeanDefinitions
INFO: Loading XML bean definitions from class path resource [META-INF/cxf/cxf-extension-addr.xml]
Oct 15, 2015 9:50:01 AM org.springframework.beans.factory.xml.XmlBeanDefinitionReader loadBeanDefinitions
INFO: Loading XML bean definitions from class path resource [META-INF/cxf/cxf-extension-javascript-client.xml]
Oct 15, 2015 9:50:01 AM org.springframework.beans.factory.xml.XmlBeanDefinitionReader loadBeanDefinitions
INFO: Loading XML bean definitions from class path resource [META-INF/cxf/cxf-extension-local.xml]
Oct 15, 2015 9:50:01 AM org.springframework.beans.factory.xml.XmlBeanDefinitionReader loadBeanDefinitions
INFO: Loading XML bean definitions from class path resource [META-INF/cxf/cxf-extension-http.xml]
Oct 15, 2015 9:50:01 AM org.springframework.beans.factory.xml.XmlBeanDefinitionReader loadBeanDefinitions
INFO: Loading XML bean definitions from class path resource [META-INF/cxf/cxf-extension-management.xml]
Oct 15, 2015 9:50:01 AM org.springframework.beans.factory.xml.XmlBeanDefinitionReader loadBeanDefinitions
INFO: Loading XML bean definitions from class path resource [META-INF/cxf/cxf-extension-http-jetty.xml]
Oct 15, 2015 9:50:01 AM org.springframework.beans.factory.xml.XmlBeanDefinitionReader loadBeanDefinitions
INFO: Loading XML bean definitions from class path resource [META-INF/cxf/cxf-extension-http.xml]
Oct 15, 2015 9:50:01 AM org.springframework.beans.factory.support.DefaultListableBeanFactory registerBeanDefinition
INFO: Overriding bean definition for bean 'org.apache.cxf.transport.http.policy.HTTPClientAssertionBuilder': replacing [Generic bean: class [org.apache.cxf.transport.http.policy.HTTPClientAssertionBuilder]; scope=; abstract=false; lazyInit=false; autowireMode=0; dependencyCheck=0; autowireCandidate=true; primary=false; factoryBeanName=null; factoryMethodName=null; initMethodName=null; destroyMethodName=null; defined in class path resource [META-INF/cxf/cxf-extension-http.xml]] with [Generic bean: class [org.apache.cxf.transport.http.policy.HTTPClientAssertionBuilder]; scope=; abstract=false; lazyInit=false; autowireMode=0; dependencyCheck=0; autowireCandidate=true; primary=false; factoryBeanName=null; factoryMethodName=null; initMethodName=null; destroyMethodName=null; defined in class path resource [META-INF/cxf/cxf-extension-http.xml]]
Oct 15, 2015 9:50:01 AM org.springframework.beans.factory.support.DefaultListableBeanFactory registerBeanDefinition
INFO: Overriding bean definition for bean 'org.apache.cxf.transport.http.policy.HTTPServerAssertionBuilder': replacing [Generic bean: class [org.apache.cxf.transport.http.policy.HTTPServerAssertionBuilder]; scope=; abstract=false; lazyInit=false; autowireMode=0; dependencyCheck=0; autowireCandidate=true; primary=false; factoryBeanName=null; factoryMethodName=null; initMethodName=null; destroyMethodName=null; defined in class path resource [META-INF/cxf/cxf-extension-http.xml]] with [Generic bean: class [org.apache.cxf.transport.http.policy.HTTPServerAssertionBuilder]; scope=; abstract=false; lazyInit=false; autowireMode=0; dependencyCheck=0; autowireCandidate=true; primary=false; factoryBeanName=null; factoryMethodName=null; initMethodName=null; destroyMethodName=null; defined in class path resource [META-INF/cxf/cxf-extension-http.xml]]
Oct 15, 2015 9:50:01 AM org.springframework.beans.factory.support.DefaultListableBeanFactory registerBeanDefinition
INFO: Overriding bean definition for bean 'org.apache.cxf.transport.http.policy.NoOpPolicyInterceptorProvider': replacing [Generic bean: class [org.apache.cxf.transport.http.policy.NoOpPolicyInterceptorProvider]; scope=; abstract=false; lazyInit=false; autowireMode=0; dependencyCheck=0; autowireCandidate=true; primary=false; factoryBeanName=null; factoryMethodName=null; initMethodName=null; destroyMethodName=null; defined in class path resource [META-INF/cxf/cxf-extension-http.xml]] with [Generic bean: class [org.apache.cxf.transport.http.policy.NoOpPolicyInterceptorProvider]; scope=; abstract=false; lazyInit=false; autowireMode=0; dependencyCheck=0; autowireCandidate=true; primary=false; factoryBeanName=null; factoryMethodName=null; initMethodName=null; destroyMethodName=null; defined in class path resource [META-INF/cxf/cxf-extension-http.xml]]
Oct 15, 2015 9:50:01 AM org.springframework.beans.factory.support.DefaultListableBeanFactory registerBeanDefinition
INFO: Overriding bean definition for bean 'org.apache.cxf.transport.http.ClientOnlyHTTPTransportFactory': replacing [Generic bean: class [org.apache.cxf.transport.http.ClientOnlyHTTPTransportFactory]; scope=; abstract=false; lazyInit=true; autowireMode=0; dependencyCheck=0; autowireCandidate=true; primary=false; factoryBeanName=null; factoryMethodName=null; initMethodName=null; destroyMethodName=null; defined in class path resource [META-INF/cxf/cxf-extension-http.xml]] with [Generic bean: class [org.apache.cxf.transport.http.ClientOnlyHTTPTransportFactory]; scope=; abstract=false; lazyInit=true; autowireMode=0; dependencyCheck=0; autowireCandidate=true; primary=false; factoryBeanName=null; factoryMethodName=null; initMethodName=null; destroyMethodName=null; defined in class path resource [META-INF/cxf/cxf-extension-http.xml]]
Oct 15, 2015 9:50:01 AM org.springframework.beans.factory.xml.XmlBeanDefinitionReader loadBeanDefinitions
INFO: Loading XML bean definitions from class path resource [META-INF/cxf/cxf-extension-jms.xml]
Oct 15, 2015 9:50:01 AM org.springframework.beans.factory.xml.XmlBeanDefinitionReader loadBeanDefinitions
INFO: Loading XML bean definitions from class path resource [META-INF/cxf/cxf-extension-object-binding.xml]
Oct 15, 2015 9:50:01 AM org.springframework.beans.factory.xml.XmlBeanDefinitionReader loadBeanDefinitions
INFO: Loading XML bean definitions from class path resource [META-INF/cxf/cxf-extension-http-binding.xml]
Oct 15, 2015 9:50:01 AM org.springframework.beans.factory.xml.XmlBeanDefinitionReader loadBeanDefinitions
INFO: Loading XML bean definitions from class path resource [META-INF/cxf/cxf-extension-jaxrs-binding.xml]
Oct 15, 2015 9:50:01 AM org.springframework.beans.factory.xml.XmlBeanDefinitionReader loadBeanDefinitions
INFO: Loading XML bean definitions from class path resource [META-INF/cxf/cxf-extension-ws-security.xml]
Oct 15, 2015 9:50:01 AM org.springframework.beans.factory.xml.XmlBeanDefinitionReader loadBeanDefinitions
INFO: Loading XML bean definitions from class path resource [META-INF/cxf/cxf-extension-policy.xml]
Oct 15, 2015 9:50:01 AM org.springframework.beans.factory.xml.XmlBeanDefinitionReader loadBeanDefinitions
INFO: Loading XML bean definitions from class path resource [META-INF/cxf/cxf-extension-rm.xml]
Oct 15, 2015 9:50:01 AM org.springframework.beans.factory.support.DefaultListableBeanFactory preInstantiateSingletons
INFO: Pre-instantiating singletons in org.springframework.beans.factory.support.DefaultListableBeanFactory@1d0e43a: defining beans [cxf,org.apache.cxf.bus.spring.BusApplicationListener,org.apache.cxf.bus.spring.BusWiringBeanFactoryPostProcessor,org.apache.cxf.bus.spring.Jsr250BeanPostProcessor,org.apache.cxf.bus.spring.BusExtensionPostProcessor,org.apache.cxf.resource.ResourceManager,org.apache.cxf.configuration.Configurer,org.apache.cxf.binding.BindingFactoryManager,org.apache.cxf.transport.DestinationFactoryManager,org.apache.cxf.transport.ConduitInitiatorManager,org.apache.cxf.wsdl.WSDLManager,org.apache.cxf.phase.PhaseManager,org.apache.cxf.workqueue.WorkQueueManager,org.apache.cxf.buslifecycle.BusLifeCycleManager,org.apache.cxf.endpoint.ServerRegistry,org.apache.cxf.endpoint.ServerLifeCycleManager,org.apache.cxf.endpoint.ClientLifeCycleManager,org.apache.cxf.transports.http.QueryHandlerRegistry,org.apache.cxf.endpoint.EndpointResolverRegistry,org.apache.cxf.headers.HeaderManager,org.apache.cxf.catalog.OASISCatalogManager,org.apache.cxf.endpoint.ServiceContractResolverRegistry,org.apache.cxf.binding.corba.CorbaBindingFactory,org.apache.cxf.binding.corba.wsdl.WSDLExtensionRegister#0,org.apache.cxf.jaxws.context.WebServiceContextResourceResolver,org.apache.cxf.jaxws.context.WebServiceContextImpl,org.apache.cxf.binding.soap.SoapBindingFactory,org.apache.cxf.binding.soap.SoapTransportFactory,org.apache.cxf.binding.soap.customEditorConfigurer,org.apache.cxf.binding.xml.XMLBindingFactory,org.apache.cxf.ws.addressing.policy.AddressingAssertionBuilder,org.apache.cxf.ws.addressing.policy.AddressingPolicyInterceptorProvider,org.apache.cxf.ws.addressing.policy.UsingAddressingAssertionBuilder,org.apache.cxf.javascript.JavascriptQueryHandlerRegistry,org.apache.cxf.transport.local.LocalTransportFactory,org.apache.cxf.transport.http.policy.HTTPClientAssertionBuilder,org.apache.cxf.transport.http.policy.HTTPServerAssertionBuilder,org.apache.cxf.transport.http.policy.NoOpPolicyInterceptorProvider,org.apache.cxf.transport.http.ClientOnlyHTTPTransportFactory,org.apache.cxf.management.InstrumentationManager,org.apache.cxf.transport.http_jetty.JettyHTTPTransportFactory,org.apache.cxf.transport.jms.JMSTransportFactory,org.apache.cxf.binding.object.ObjectBindingFactory,org.apache.cxf.binding.http.HttpBindingFactory,org.apache.cxf.jaxrs.JAXRSBindingFactory,org.apache.cxf.ws.security.policy.WSSecurityPolicyLoader,org.apache.cxf.ws.policy.AssertionBuilderRegistry,org.apache.cxf.ws.policy.PolicyInterceptorProviderRegistry,org.apache.cxf.ws.policy.attachment.external.DomainExpressionBuilderRegistry,org.apache.cxf.ws.policy.attachment.external.EndpointReferenceDomainExpressionBuilder,org.apache.cxf.ws.policy.PolicyBuilder,org.apache.cxf.ws.policy.PolicyEngine,org.apache.cxf.ws.policy.attachment.wsdl11.Wsdl11AttachmentPolicyProvider,org.apache.cxf.ws.policy.attachment.ServiceModelPolicyProvider,org.apache.cxf.ws.policy.mtom.MTOMAssertionBuilder,org.apache.cxf.ws.policy.mtom.MTOMPolicyInterceptorProvider,org.apache.cxf.ws.rm.RMManager,org.apache.cxf.ws.rm.policy.RMPolicyInterceptorProvider,org.apache.cxf.ws.rm.RMAssertionBuilder]; root of factory hierarchy
Oct 15, 2015 9:50:03 AM org.apache.cxf.service.factory.ReflectionServiceFactoryBean buildServiceFromClass
INFO: Creating Service {http://service.login.customer.ebiz.guohualife.com/}CustomerLoginServiceService from class com.guohualife.ebiz.customer.login.service.CustomerLoginService
Oct 15, 2015 9:50:03 AM org.apache.cxf.service.factory.ReflectionServiceFactoryBean buildServiceFromClass
INFO: Creating Service {http://service.account.customer.ebiz.guohualife.com/}CustomerAccountServiceService from class com.guohualife.ebiz.customer.account.service.CustomerAccountService
Oct 15, 2015 9:50:04 AM org.apache.cxf.service.factory.ReflectionServiceFactoryBean buildServiceFromClass
INFO: Creating Service {http://service.authcode.customer.ebiz.guohualife.com/}CustomerAuthcodeServiceService from class com.guohualife.ebiz.customer.authcode.service.CustomerAuthcodeService
Oct 15, 2015 9:50:04 AM org.apache.cxf.service.factory.ReflectionServiceFactoryBean buildServiceFromClass
INFO: Creating Service {http://service.security.customer.ebiz.guohualife.com/}CustomerSecurityServiceService from class com.guohualife.ebiz.customer.security.service.CustomerSecurityService
Oct 15, 2015 9:50:04 AM org.springframework.web.servlet.handler.AbstractUrlHandlerMapping registerHandler
INFO: Mapped URL path [/GhCustomerClient/customerBindThird] onto handler 'ghCustomerClientController'
Oct 15, 2015 9:50:04 AM org.springframework.web.servlet.handler.AbstractUrlHandlerMapping registerHandler
INFO: Mapped URL path [/GhCustomerClient/customerBindThird.*] onto handler 'ghCustomerClientController'
Oct 15, 2015 9:50:04 AM org.springframework.web.servlet.handler.AbstractUrlHandlerMapping registerHandler
INFO: Mapped URL path [/GhCustomerClient/customerBindThird/] onto handler 'ghCustomerClientController'
Oct 15, 2015 9:50:04 AM org.springframework.web.servlet.handler.AbstractUrlHandlerMapping registerHandler
INFO: Mapped URL path [/GhCustomerClient/customerUnboundThird] onto handler 'ghCustomerClientController'
Oct 15, 2015 9:50:04 AM org.springframework.web.servlet.handler.AbstractUrlHandlerMapping registerHandler
INFO: Mapped URL path [/GhCustomerClient/customerUnboundThird.*] onto handler 'ghCustomerClientController'
Oct 15, 2015 9:50:04 AM org.springframework.web.servlet.handler.AbstractUrlHandlerMapping registerHandler
INFO: Mapped URL path [/GhCustomerClient/customerUnboundThird/] onto handler 'ghCustomerClientController'
Oct 15, 2015 9:50:04 AM org.springframework.web.servlet.handler.AbstractUrlHandlerMapping registerHandler
INFO: Mapped URL path [/GhCustomerClient/checkAuthcode] onto handler 'ghCustomerClientController'
Oct 15, 2015 9:50:04 AM org.springframework.web.servlet.handler.AbstractUrlHandlerMapping registerHandler
INFO: Mapped URL path [/GhCustomerClient/checkAuthcode.*] onto handler 'ghCustomerClientController'
Oct 15, 2015 9:50:04 AM org.springframework.web.servlet.handler.AbstractUrlHandlerMapping registerHandler
INFO: Mapped URL path [/GhCustomerClient/checkAuthcode/] onto handler 'ghCustomerClientController'
Oct 15, 2015 9:50:04 AM org.springframework.web.servlet.handler.AbstractUrlHandlerMapping registerHandler
INFO: Mapped URL path [/GhCustomerClient/sendAuthcode] onto handler 'ghCustomerClientController'
Oct 15, 2015 9:50:04 AM org.springframework.web.servlet.handler.AbstractUrlHandlerMapping registerHandler
INFO: Mapped URL path [/GhCustomerClient/sendAuthcode.*] onto handler 'ghCustomerClientController'
Oct 15, 2015 9:50:04 AM org.springframework.web.servlet.handler.AbstractUrlHandlerMapping registerHandler
INFO: Mapped URL path [/GhCustomerClient/sendAuthcode/] onto handler 'ghCustomerClientController'
Oct 15, 2015 9:50:04 AM org.springframework.web.servlet.handler.AbstractUrlHandlerMapping registerHandler
INFO: Mapped URL path [/GhCustomerClient/customerNomalLogin] onto handler 'ghCustomerClientController'
Oct 15, 2015 9:50:04 AM org.springframework.web.servlet.handler.AbstractUrlHandlerMapping registerHandler
INFO: Mapped URL path [/GhCustomerClient/customerNomalLogin.*] onto handler 'ghCustomerClientController'
Oct 15, 2015 9:50:04 AM org.springframework.web.servlet.handler.AbstractUrlHandlerMapping registerHandler
INFO: Mapped URL path [/GhCustomerClient/customerNomalLogin/] onto handler 'ghCustomerClientController'
Oct 15, 2015 9:50:04 AM org.springframework.web.servlet.handler.AbstractUrlHandlerMapping registerHandler
INFO: Mapped URL path [/GhCustomerClient/customerThirdLogin] onto handler 'ghCustomerClientController'
Oct 15, 2015 9:50:04 AM org.springframework.web.servlet.handler.AbstractUrlHandlerMapping registerHandler
INFO: Mapped URL path [/GhCustomerClient/customerThirdLogin.*] onto handler 'ghCustomerClientController'
Oct 15, 2015 9:50:04 AM org.springframework.web.servlet.handler.AbstractUrlHandlerMapping registerHandler
INFO: Mapped URL path [/GhCustomerClient/customerThirdLogin/] onto handler 'ghCustomerClientController'
Oct 15, 2015 9:50:04 AM org.springframework.web.servlet.handler.AbstractUrlHandlerMapping registerHandler
INFO: Mapped URL path [/GhCustomerClient/registerNewCustomer] onto handler 'ghCustomerClientController'
Oct 15, 2015 9:50:04 AM org.springframework.web.servlet.handler.AbstractUrlHandlerMapping registerHandler
INFO: Mapped URL path [/GhCustomerClient/registerNewCustomer.*] onto handler 'ghCustomerClientController'
Oct 15, 2015 9:50:04 AM org.springframework.web.servlet.handler.AbstractUrlHandlerMapping registerHandler
INFO: Mapped URL path [/GhCustomerClient/registerNewCustomer/] onto handler 'ghCustomerClientController'
Oct 15, 2015 9:50:04 AM org.springframework.web.servlet.handler.AbstractUrlHandlerMapping registerHandler
INFO: Mapped URL path [/GhCustomerClient/setCustomerPassword] onto handler 'ghCustomerClientController'
Oct 15, 2015 9:50:04 AM org.springframework.web.servlet.handler.AbstractUrlHandlerMapping registerHandler
INFO: Mapped URL path [/GhCustomerClient/setCustomerPassword.*] onto handler 'ghCustomerClientController'
Oct 15, 2015 9:50:04 AM org.springframework.web.servlet.handler.AbstractUrlHandlerMapping registerHandler
INFO: Mapped URL path [/GhCustomerClient/setCustomerPassword/] onto handler 'ghCustomerClientController'
Oct 15, 2015 9:50:04 AM org.springframework.web.servlet.handler.AbstractUrlHandlerMapping registerHandler
INFO: Mapped URL path [/GhCustomerClient/queryCustomerInfoByName] onto handler 'ghCustomerClientController'
Oct 15, 2015 9:50:04 AM org.springframework.web.servlet.handler.AbstractUrlHandlerMapping registerHandler
INFO: Mapped URL path [/GhCustomerClient/queryCustomerInfoByName.*] onto handler 'ghCustomerClientController'
Oct 15, 2015 9:50:04 AM org.springframework.web.servlet.handler.AbstractUrlHandlerMapping registerHandler
INFO: Mapped URL path [/GhCustomerClient/queryCustomerInfoByName/] onto handler 'ghCustomerClientController'
Oct 15, 2015 9:50:04 AM org.springframework.web.servlet.handler.AbstractUrlHandlerMapping registerHandler
INFO: Mapped URL path [/HrClient/queryProvinceList] onto handler 'hrClientController'
Oct 15, 2015 9:50:04 AM org.springframework.web.servlet.handler.AbstractUrlHandlerMapping registerHandler
INFO: Mapped URL path [/HrClient/queryProvinceList.*] onto handler 'hrClientController'
Oct 15, 2015 9:50:04 AM org.springframework.web.servlet.handler.AbstractUrlHandlerMapping registerHandler
INFO: Mapped URL path [/HrClient/queryProvinceList/] onto handler 'hrClientController'
Oct 15, 2015 9:50:04 AM org.springframework.web.servlet.handler.AbstractUrlHandlerMapping registerHandler
INFO: Mapped URL path [/HrClient/queryPolicyList] onto handler 'hrClientController'
Oct 15, 2015 9:50:04 AM org.springframework.web.servlet.handler.AbstractUrlHandlerMapping registerHandler
INFO: Mapped URL path [/HrClient/queryPolicyList.*] onto handler 'hrClientController'
Oct 15, 2015 9:50:04 AM org.springframework.web.servlet.handler.AbstractUrlHandlerMapping registerHandler
INFO: Mapped URL path [/HrClient/queryPolicyList/] onto handler 'hrClientController'
Oct 15, 2015 9:50:04 AM org.springframework.web.servlet.handler.AbstractUrlHandlerMapping registerHandler
INFO: Mapped URL path [/HrClient/queryOrderList] onto handler 'hrClientController'
Oct 15, 2015 9:50:04 AM org.springframework.web.servlet.handler.AbstractUrlHandlerMapping registerHandler
INFO: Mapped URL path [/HrClient/queryOrderList.*] onto handler 'hrClientController'
Oct 15, 2015 9:50:04 AM org.springframework.web.servlet.handler.AbstractUrlHandlerMapping registerHandler
INFO: Mapped URL path [/HrClient/queryOrderList/] onto handler 'hrClientController'
Oct 15, 2015 9:50:04 AM org.springframework.web.servlet.handler.AbstractUrlHandlerMapping registerHandler
INFO: Mapped URL path [/HrClient/queryPolicyDetails] onto handler 'hrClientController'
Oct 15, 2015 9:50:04 AM org.springframework.web.servlet.handler.AbstractUrlHandlerMapping registerHandler
INFO: Mapped URL path [/HrClient/queryPolicyDetails.*] onto handler 'hrClientController'
Oct 15, 2015 9:50:04 AM org.springframework.web.servlet.handler.AbstractUrlHandlerMapping registerHandler
INFO: Mapped URL path [/HrClient/queryPolicyDetails/] onto handler 'hrClientController'
Oct 15, 2015 9:50:04 AM org.springframework.web.servlet.handler.AbstractUrlHandlerMapping registerHandler
INFO: Mapped URL path [/HrClient/queryOrderDetails] onto handler 'hrClientController'
Oct 15, 2015 9:50:04 AM org.springframework.web.servlet.handler.AbstractUrlHandlerMapping registerHandler
INFO: Mapped URL path [/HrClient/queryOrderDetails.*] onto handler 'hrClientController'
Oct 15, 2015 9:50:04 AM org.springframework.web.servlet.handler.AbstractUrlHandlerMapping registerHandler
INFO: Mapped URL path [/HrClient/queryOrderDetails/] onto handler 'hrClientController'
Oct 15, 2015 9:50:04 AM org.springframework.web.servlet.handler.AbstractUrlHandlerMapping registerHandler
INFO: Mapped URL path [/HrClient/queryPolicySend] onto handler 'hrClientController'
Oct 15, 2015 9:50:04 AM org.springframework.web.servlet.handler.AbstractUrlHandlerMapping registerHandler
INFO: Mapped URL path [/HrClient/queryPolicySend.*] onto handler 'hrClientController'
Oct 15, 2015 9:50:04 AM org.springframework.web.servlet.handler.AbstractUrlHandlerMapping registerHandler
INFO: Mapped URL path [/HrClient/queryPolicySend/] onto handler 'hrClientController'
Oct 15, 2015 9:50:04 AM org.springframework.web.servlet.handler.AbstractUrlHandlerMapping registerHandler
INFO: Mapped URL path [/HrClient/queryAutoModelInfo] onto handler 'hrClientController'
Oct 15, 2015 9:50:04 AM org.springframework.web.servlet.handler.AbstractUrlHandlerMapping registerHandler
INFO: Mapped URL path [/HrClient/queryAutoModelInfo.*] onto handler 'hrClientController'
Oct 15, 2015 9:50:04 AM org.springframework.web.servlet.handler.AbstractUrlHandlerMapping registerHandler
INFO: Mapped URL path [/HrClient/queryAutoModelInfo/] onto handler 'hrClientController'
Oct 15, 2015 9:50:04 AM org.springframework.web.servlet.handler.AbstractUrlHandlerMapping registerHandler
INFO: Mapped URL path [/HrClient/queryPremiumCalculation] onto handler 'hrClientController'
Oct 15, 2015 9:50:04 AM org.springframework.web.servlet.handler.AbstractUrlHandlerMapping registerHandler
INFO: Mapped URL path [/HrClient/queryPremiumCalculation.*] onto handler 'hrClientController'
Oct 15, 2015 9:50:04 AM org.springframework.web.servlet.handler.AbstractUrlHandlerMapping registerHandler
INFO: Mapped URL path [/HrClient/queryPremiumCalculation/] onto handler 'hrClientController'
Oct 15, 2015 9:50:04 AM org.springframework.web.servlet.handler.AbstractUrlHandlerMapping registerHandler
INFO: Mapped URL path [/HrClient/queryClaimsInfo] onto handler 'hrClientController'
Oct 15, 2015 9:50:04 AM org.springframework.web.servlet.handler.AbstractUrlHandlerMapping registerHandler
INFO: Mapped URL path [/HrClient/queryClaimsInfo.*] onto handler 'hrClientController'
Oct 15, 2015 9:50:04 AM org.springframework.web.servlet.handler.AbstractUrlHandlerMapping registerHandler
INFO: Mapped URL path [/HrClient/queryClaimsInfo/] onto handler 'hrClientController'
Oct 15, 2015 9:50:04 AM org.springframework.web.servlet.handler.AbstractUrlHandlerMapping registerHandler
INFO: Mapped URL path [/HrClient/payConfirm] onto handler 'hrClientController'
Oct 15, 2015 9:50:04 AM org.springframework.web.servlet.handler.AbstractUrlHandlerMapping registerHandler
INFO: Mapped URL path [/HrClient/payConfirm.*] onto handler 'hrClientController'
Oct 15, 2015 9:50:04 AM org.springframework.web.servlet.handler.AbstractUrlHandlerMapping registerHandler
INFO: Mapped URL path [/HrClient/payConfirm/] onto handler 'hrClientController'
Oct 15, 2015 9:50:04 AM org.springframework.web.servlet.handler.AbstractUrlHandlerMapping registerHandler
INFO: Mapped URL path [/HrClient/orderCancel] onto handler 'hrClientController'
Oct 15, 2015 9:50:04 AM org.springframework.web.servlet.handler.AbstractUrlHandlerMapping registerHandler
INFO: Mapped URL path [/HrClient/orderCancel.*] onto handler 'hrClientController'
Oct 15, 2015 9:50:04 AM org.springframework.web.servlet.handler.AbstractUrlHandlerMapping registerHandler
INFO: Mapped URL path [/HrClient/orderCancel/] onto handler 'hrClientController'
Oct 15, 2015 9:50:04 AM org.springframework.web.servlet.handler.AbstractUrlHandlerMapping registerHandler
INFO: Mapped URL path [/WxAuthentication/queryUserInfo] onto handler 'wxAuthenticationController'
Oct 15, 2015 9:50:04 AM org.springframework.web.servlet.handler.AbstractUrlHandlerMapping registerHandler
INFO: Mapped URL path [/WxAuthentication/queryUserInfo.*] onto handler 'wxAuthenticationController'
Oct 15, 2015 9:50:04 AM org.springframework.web.servlet.handler.AbstractUrlHandlerMapping registerHandler
INFO: Mapped URL path [/WxAuthentication/queryUserInfo/] onto handler 'wxAuthenticationController'
Oct 15, 2015 9:50:05 AM org.springframework.web.servlet.FrameworkServlet initServletBean
INFO: FrameworkServlet 'springmvc': initialization completed in 5672 ms
<Oct 15, 2015 9:50:05 AM CST> <Notice> <LoggingService> <BEA-320400> <The log file /weblogic103/bea/user_projects/domains1/base_domain/servers/ghwx/logs/base_domain.log will be rotated. Reopen the log file if tailing has stopped. This can happen on some platforms like Windows.> 
<Oct 15, 2015 9:50:05 AM CST> <Notice> <LoggingService> <BEA-320401> <The log file has been rotated to /weblogic103/bea/user_projects/domains1/base_domain/servers/ghwx/logs/base_domain.log00002. Log messages will continue to be logged in /weblogic103/bea/user_projects/domains1/base_domain/servers/ghwx/logs/base_domain.log.> 
<Oct 15, 2015 9:50:05 AM CST> <Notice> <Log Management> <BEA-170027> <The Server has established connection with the Domain level Diagnostic Service successfully.> 
<Oct 15, 2015 9:50:05 AM CST> <Notice> <WebLogicServer> <BEA-000365> <Server state changed to ADMIN> 
<Oct 15, 2015 9:50:06 AM CST> <Notice> <WebLogicServer> <BEA-000365> <Server state changed to RESUMING> 
<Oct 15, 2015 9:50:06 AM CST> <Notice> <Server> <BEA-002613> <Channel "Default[2]" is now listening on 127.0.0.1:7008 for protocols iiop, t3, ldap, snmp, http.> 
<Oct 15, 2015 9:50:06 AM CST> <Notice> <Server> <BEA-002613> <Channel "Default[3]" is now listening on 0:0:0:0:0:0:0:1:7008 for protocols iiop, t3, ldap, snmp, http.> 
<Oct 15, 2015 9:50:06 AM CST> <Notice> <Server> <BEA-002613> <Channel "Default" is now listening on 10.56.81.57:7008 for protocols iiop, t3, ldap, snmp, http.> 
<Oct 15, 2015 9:50:06 AM CST> <Notice> <Server> <BEA-002613> <Channel "Default[1]" is now listening on fe80:0:0:0:250:56ff:fea8:12:7008 for protocols iiop, t3, ldap, snmp, http.> 
<Oct 15, 2015 9:50:06 AM CST> <Notice> <WebLogicServer> <BEA-000331> <Started WebLogic Admin Server "ghwx" for domain "base_domain" running in Development Mode> 
<Oct 15, 2015 9:50:06 AM CST> <Notice> <WebLogicServer> <BEA-000365> <Server state changed to RUNNING> 
<Oct 15, 2015 9:50:06 AM CST> <Notice> <WebLogicServer> <BEA-000360> <Server started in RUNNING mode> 
[2015-10-15 09:52:24]通过code获取微信用户信息开始
[2015-10-15 09:52:24]jsonStr:{"code":"0118c9c59fbcae7b07fcb4f44305121C"}
[2015-10-15 09:52:24]accessTokenUrl:https://api.weixin.qq.com/sns/oauth2/access_token?appid=wx4679ae3756777225&secret=5d26f6feb2885cb9226f9a79d79d5ff4&code=0118c9c59fbcae7b07fcb4f44305121C&grant_type=authorization_code
[2015-10-15 09:52:24]accessTokenResult返回：{"access_token":"OezXcEiiBSKSxW0eoylIeLIuwSAaMZmYx12zIiFp71RJHm0RKTn9pqKQzn_LYS9q9lA2JubiLrJ1KtW3dS2doNmbCt6hDMhcDHz49PrfPL215dWbq9DHZiF0ktHOn5zbvIWlFBxAIJCn_WKLVKYqrQ","expires_in":7200,"refresh_token":"OezXcEiiBSKSxW0eoylIeLIuwSAaMZmYx12zIiFp71RJHm0RKTn9pqKQzn_LYS9qLVDAckBniiFEgi3ngN2cNM0mIdmMhV3neV9pNt9432O-x2hCcwD1h64KQOpEUBbFSpnbmThWordzWHwehRqh8Q","openid":"oT_izjtQd8oZxC026gul3eZBF7wE","scope":"snsapi_userinfo","unionid":"o_i4duLzv1ERBT4DqN6J6oesAhqw"}
[2015-10-15 09:52:25]userInfoUrl返回：https://api.weixin.qq.com/sns/userinfo?access_token=OezXcEiiBSKSxW0eoylIeLIuwSAaMZmYx12zIiFp71RJHm0RKTn9pqKQzn_LYS9q9lA2JubiLrJ1KtW3dS2doNmbCt6hDMhcDHz49PrfPL215dWbq9DHZiF0ktHOn5zbvIWlFBxAIJCn_WKLVKYqrQ&openid=oT_izjtQd8oZxC026gul3eZBF7wE
[2015-10-15 09:52:25]微信用户信息：{"openid":"oT_izjtQd8oZxC026gul3eZBF7wE","nickname":"??????","sex":1,"language":"zh_CN","city":"","province":"Beijing","country":"CN","headimgurl":"http:\/\/wx.qlogo.cn\/mmopen\/ib2sCiayrB8gLU5B1C7AicYnS2nfFFErtPsvggq0QxROZ9934KvH8YiaK6OZXBQYnQ9Sl34nDYnf6K5z9783dia6Mkpzkl5WU3wKN\/0","privilege":[],"unionid":"o_i4duLzv1ERBT4DqN6J6oesAhqw"}
[2015-10-15 09:52:25]通过code获取微信用户信息结束
2015-10-15 09:52:25  customerThirdLogin 入参 ： {"thirdUserType":"WX","thirdUserId":"oT_izjtQd8oZxC026gul3eZBF7wE","thirdUserName":null,"nickName":null,"paltformType":"03","systemType":"3"}  .
Oct 15, 2015 9:52:25 AM com.guohualife.platform.common.api.webservice.advice.ClientLogInterceptor handleMessage
INFO: 访问远程服务，服务地址：http://10.56.81.131:7001/customer/api/customerLoginService?wsdl
2015-10-15 09:52:25  customerThirdLogin 出参 ： {"customerInfoDTO":{"paltformType":null,"systemType":null,"hasPayPwd":false,"hasLoginPwd":true,"lastLoginTime":1444808740000,"notCustomerId":null,"operType":null,"notPassword":null,"idnoStar":"3305011**********3","mobileStar":"137*****714","realName":"啊啊","mobile":"13720150714","email":"213@qq.com","sex":1,"idAuth":null,"customerSource":"03","mobileAuth":"1","birthday":656006400000,"idtype":0,"idno":"330501199010160413","telephone":null,"modifiedDate":1436856093000,"modifiedUser":null,"createdDate":1436855895000,"createdUser":null,"zip":"200000","province":"310000","city":"310000","emailAuth":null,"idAuthSource":null,"masterCustomerId":null,"idImageAuth":null,"occupationCode":null,"salaryGrade":null,"address":"时承保发送电子保单","name":"yjl0714","id":101483,"type":1,"password":"e10adc3949ba59abbe56e057f20f883e","status":1,"code":null},"resultCode":"1","resultMessage":"交易处理成功"}  .
[2015-10-15 09:52:35]通过code获取微信用户信息开始
[2015-10-15 09:52:35]jsonStr:{"code":"031f40eae93c3abe10269a962d2c01fI"}
[2015-10-15 09:52:35]accessTokenUrl:https://api.weixin.qq.com/sns/oauth2/access_token?appid=wx4679ae3756777225&secret=5d26f6feb2885cb9226f9a79d79d5ff4&code=031f40eae93c3abe10269a962d2c01fI&grant_type=authorization_code
[2015-10-15 09:52:35]accessTokenResult返回：{"access_token":"OezXcEiiBSKSxW0eoylIeLIuwSAaMZmYx12zIiFp71RJHm0RKTn9pqKQzn_LYS9qu2kHRGrAJnWawqHitDqbc3YFArX2w2PhPy5Si8p10d2PHwaFxSIIsE5U9AauNLFYm5TqYLitQeHaVCaVVZu-SA","expires_in":7200,"refresh_token":"OezXcEiiBSKSxW0eoylIeLIuwSAaMZmYx12zIiFp71RJHm0RKTn9pqKQzn_LYS9q-MzW4uo6iwrXRaUMSupidcQdLsRpa_EXTZgadMSBAJC3ZCELQL7TQFPkOVNs4Gf0U2__j4rNZEJJULV439FYSQ","openid":"oT_izjtQd8oZxC026gul3eZBF7wE","scope":"snsapi_userinfo","unionid":"o_i4duLzv1ERBT4DqN6J6oesAhqw"}
[2015-10-15 09:52:35]userInfoUrl返回：https://api.weixin.qq.com/sns/userinfo?access_token=OezXcEiiBSKSxW0eoylIeLIuwSAaMZmYx12zIiFp71RJHm0RKTn9pqKQzn_LYS9qu2kHRGrAJnWawqHitDqbc3YFArX2w2PhPy5Si8p10d2PHwaFxSIIsE5U9AauNLFYm5TqYLitQeHaVCaVVZu-SA&openid=oT_izjtQd8oZxC026gul3eZBF7wE
[2015-10-15 09:52:35]微信用户信息：{"openid":"oT_izjtQd8oZxC026gul3eZBF7wE","nickname":"??????","sex":1,"language":"zh_CN","city":"","province":"Beijing","country":"CN","headimgurl":"http:\/\/wx.qlogo.cn\/mmopen\/ib2sCiayrB8gLU5B1C7AicYnS2nfFFErtPsvggq0QxROZ9934KvH8YiaK6OZXBQYnQ9Sl34nDYnf6K5z9783dia6Mkpzkl5WU3wKN\/0","privilege":[],"unionid":"o_i4duLzv1ERBT4DqN6J6oesAhqw"}
[2015-10-15 09:52:35]通过code获取微信用户信息结束
2015-10-15 09:52:35  customerThirdLogin 入参 ： {"thirdUserType":"WX","thirdUserId":"oT_izjtQd8oZxC026gul3eZBF7wE","thirdUserName":null,"nickName":null,"paltformType":"03","systemType":"3"}  .
Oct 15, 2015 9:52:35 AM com.guohualife.platform.common.api.webservice.advice.ClientLogInterceptor handleMessage
INFO: 访问远程服务，服务地址：http://10.56.81.131:7001/customer/api/customerLoginService?wsdl
2015-10-15 09:52:36  customerThirdLogin 出参 ： {"customerInfoDTO":{"paltformType":null,"systemType":null,"hasPayPwd":false,"hasLoginPwd":true,"lastLoginTime":1444808740000,"notCustomerId":null,"operType":null,"notPassword":null,"idnoStar":"3305011**********3","mobileStar":"137*****714","realName":"啊啊","mobile":"13720150714","email":"213@qq.com","sex":1,"idAuth":null,"customerSource":"03","mobileAuth":"1","birthday":656006400000,"idtype":0,"idno":"330501199010160413","telephone":null,"modifiedDate":1436856093000,"modifiedUser":null,"createdDate":1436855895000,"createdUser":null,"zip":"200000","province":"310000","city":"310000","emailAuth":null,"idAuthSource":null,"masterCustomerId":null,"idImageAuth":null,"occupationCode":null,"salaryGrade":null,"address":"时承保发送电子保单","name":"yjl0714","id":101483,"type":1,"password":"e10adc3949ba59abbe56e057f20f883e","status":1,"code":null},"resultCode":"1","resultMessage":"交易处理成功"}  .
2015-10-15 09:52:36  queryOrderList 入参 ： <?xml version="1.0" encoding="GBK"?><Packet type="REQUEST" version="1.0"><Head><RequestType>WX050</RequestType><CompanyCode>01</CompanyCode></Head><Body><BasePart><CustomerID >101483</CustomerID><Type>1</Type></BasePart></Body></Packet>  .
2015-10-15 09:52:36  queryOrderList 出参 ： <?xml version="1.0" encoding="GBK"?>
<Packet><Head><ResquestType>WX050</ResquestType><ResponseCode>1</ResponseCode><ErrorCode>0000</ErrorCode><ErrorMessage>成功</ErrorMessage></Head><Body><PolicyList><Policy><PolicyNo>DT00000136</PolicyNo><VehicleLicenceCode>未上牌</VehicleLicenceCode><EffectiveDate>20151031</EffectiveDate><Premium>3228.30</Premium><Status>1</Status></Policy><Policy><PolicyNo>DT00000137</PolicyNo><VehicleLicenceCode>未上牌</VehicleLicenceCode><EffectiveDate>20151031</EffectiveDate><Premium>3228.30</Premium><Status>1</Status></Policy><Policy><PolicyNo>DT00000138</PolicyNo><VehicleLicenceCode>未上牌</VehicleLicenceCode><EffectiveDate>20151030</EffectiveDate><Premium>5052.30</Premium><Status>1</Status></Policy></PolicyList></Body></Packet>  .
2015-10-15 09:52:36  queryPolicyList 入参 ： <?xml version="1.0" encoding="GBK"?><Packet type="REQUEST" version="1.0"><Head><RequestType>WX050</RequestType><CompanyCode>01</CompanyCode></Head><Body><BasePart><CustomerID >101483</CustomerID><Type>0</Type></BasePart></Body></Packet>  .
2015-10-15 09:52:36  queryPolicyList 出参 ： <?xml version="1.0" encoding="GBK"?>
<Packet><Head><ResquestType>WX050</ResquestType><ResponseCode>1</ResponseCode><ErrorCode>0000</ErrorCode><ErrorMessage>成功</ErrorMessage></Head><Body><PolicyList><Policy><PolicyNo>baodanhao1</PolicyNo><VehicleLicenceCode>未上牌</VehicleLicenceCode><EffectiveDate>20151011</EffectiveDate><Premium>3228.30</Premium><Status>4</Status></Policy><Policy><PolicyNo>baodanhao2</PolicyNo><VehicleLicenceCode>未上牌</VehicleLicenceCode><EffectiveDate>20151013</EffectiveDate><Premium>4017.20</Premium><Status>4</Status></Policy><Policy><PolicyNo>baodanhao3</PolicyNo><VehicleLicenceCode>未上牌</VehicleLicenceCode><EffectiveDate>20151013</EffectiveDate><Premium>855.00</Premium><Status>4</Status></Policy><Policy><PolicyNo>1000109000009662994</PolicyNo><VehicleLicenceCode>未上牌</VehicleLicenceCode><EffectiveDate>20151016</EffectiveDate><Premium>2744.06</Premium><Status>4</Status></Policy></PolicyList></Body></Packet>  .
2015-10-15 09:53:06  queryOrderList 入参 ： <?xml version="1.0" encoding="GBK"?><Packet type="REQUEST" version="1.0"><Head><RequestType>WX050</RequestType><CompanyCode>01</CompanyCode></Head><Body><BasePart><CustomerID >101483</CustomerID><Type>1</Type></BasePart></Body></Packet>  .
2015-10-15 09:53:06  queryOrderList 出参 ： <?xml version="1.0" encoding="GBK"?>
<Packet><Head><ResquestType>WX050</ResquestType><ResponseCode>1</ResponseCode><ErrorCode>0000</ErrorCode><ErrorMessage>成功</ErrorMessage></Head><Body><PolicyList><Policy><PolicyNo>DT00000136</PolicyNo><VehicleLicenceCode>未上牌</VehicleLicenceCode><EffectiveDate>20151031</EffectiveDate><Premium>3228.30</Premium><Status>1</Status></Policy><Policy><PolicyNo>DT00000137</PolicyNo><VehicleLicenceCode>未上牌</VehicleLicenceCode><EffectiveDate>20151031</EffectiveDate><Premium>3228.30</Premium><Status>1</Status></Policy><Policy><PolicyNo>DT00000138</PolicyNo><VehicleLicenceCode>未上牌</VehicleLicenceCode><EffectiveDate>20151030</EffectiveDate><Premium>5052.30</Premium><Status>1</Status></Policy></PolicyList></Body></Packet>  .
2015-10-15 09:53:06  queryPolicyList 入参 ： <?xml version="1.0" encoding="GBK"?><Packet type="REQUEST" version="1.0"><Head><RequestType>WX050</RequestType><CompanyCode>01</CompanyCode></Head><Body><BasePart><CustomerID >101483</CustomerID><Type>0</Type></BasePart></Body></Packet>  .
2015-10-15 09:53:06  queryPolicyList 出参 ： <?xml version="1.0" encoding="GBK"?>
<Packet><Head><ResquestType>WX050</ResquestType><ResponseCode>1</ResponseCode><ErrorCode>0000</ErrorCode><ErrorMessage>成功</ErrorMessage></Head><Body><PolicyList><Policy><PolicyNo>baodanhao1</PolicyNo><VehicleLicenceCode>未上牌</VehicleLicenceCode><EffectiveDate>20151011</EffectiveDate><Premium>3228.30</Premium><Status>4</Status></Policy><Policy><PolicyNo>baodanhao2</PolicyNo><VehicleLicenceCode>未上牌</VehicleLicenceCode><EffectiveDate>20151013</EffectiveDate><Premium>4017.20</Premium><Status>4</Status></Policy><Policy><PolicyNo>baodanhao3</PolicyNo><VehicleLicenceCode>未上牌</VehicleLicenceCode><EffectiveDate>20151013</EffectiveDate><Premium>855.00</Premium><Status>4</Status></Policy><Policy><PolicyNo>1000109000009662994</PolicyNo><VehicleLicenceCode>未上牌</VehicleLicenceCode><EffectiveDate>20151016</EffectiveDate><Premium>2744.06</Premium><Status>4</Status></Policy></PolicyList></Body></Packet>  .
[2015-10-15 09:53:18]通过code获取微信用户信息开始
[2015-10-15 09:53:18]jsonStr:{"code":"03158467840b1fd823b2e2c1958a99aK"}
[2015-10-15 09:53:18]accessTokenUrl:https://api.weixin.qq.com/sns/oauth2/access_token?appid=wx4679ae3756777225&secret=5d26f6feb2885cb9226f9a79d79d5ff4&code=03158467840b1fd823b2e2c1958a99aK&grant_type=authorization_code
[2015-10-15 09:53:18]accessTokenResult返回：{"access_token":"OezXcEiiBSKSxW0eoylIeLIuwSAaMZmYx12zIiFp71RJHm0RKTn9pqKQzn_LYS9qUoYYD6qzOC0PY_19MJCqByzFoYBRPRXaXEMoDTFTnFLS0rYDho2f8e0bZuy0T_7iCS2a_YYpOkDQvYymHYpFVw","expires_in":7200,"refresh_token":"OezXcEiiBSKSxW0eoylIeLIuwSAaMZmYx12zIiFp71RJHm0RKTn9pqKQzn_LYS9qJcX8Ngf9c8XiOUxBrcWRy-yV8HL-DfbiLhm89cKvvzhhjcQD2Ua2rs8hRI9OrpoJe5ogTUhs3DxdgwLwemJ9Qg","openid":"oT_izjtQd8oZxC026gul3eZBF7wE","scope":"snsapi_userinfo","unionid":"o_i4duLzv1ERBT4DqN6J6oesAhqw"}
[2015-10-15 09:53:18]userInfoUrl返回：https://api.weixin.qq.com/sns/userinfo?access_token=OezXcEiiBSKSxW0eoylIeLIuwSAaMZmYx12zIiFp71RJHm0RKTn9pqKQzn_LYS9qUoYYD6qzOC0PY_19MJCqByzFoYBRPRXaXEMoDTFTnFLS0rYDho2f8e0bZuy0T_7iCS2a_YYpOkDQvYymHYpFVw&openid=oT_izjtQd8oZxC026gul3eZBF7wE
[2015-10-15 09:53:18]微信用户信息：{"openid":"oT_izjtQd8oZxC026gul3eZBF7wE","nickname":"??????","sex":1,"language":"zh_CN","city":"","province":"Beijing","country":"CN","headimgurl":"http:\/\/wx.qlogo.cn\/mmopen\/ib2sCiayrB8gLU5B1C7AicYnS2nfFFErtPsvggq0QxROZ9934KvH8YiaK6OZXBQYnQ9Sl34nDYnf6K5z9783dia6Mkpzkl5WU3wKN\/0","privilege":[],"unionid":"o_i4duLzv1ERBT4DqN6J6oesAhqw"}
[2015-10-15 09:53:18]通过code获取微信用户信息结束
2015-10-15 09:53:18  customerThirdLogin 入参 ： {"thirdUserType":"WX","thirdUserId":"oT_izjtQd8oZxC026gul3eZBF7wE","thirdUserName":null,"nickName":null,"paltformType":"03","systemType":"3"}  .
Oct 15, 2015 9:53:18 AM com.guohualife.platform.common.api.webservice.advice.ClientLogInterceptor handleMessage
INFO: 访问远程服务，服务地址：http://10.56.81.131:7001/customer/api/customerLoginService?wsdl
2015-10-15 09:53:18  customerThirdLogin 出参 ： {"customerInfoDTO":{"paltformType":null,"systemType":null,"hasPayPwd":false,"hasLoginPwd":true,"lastLoginTime":1444808740000,"notCustomerId":null,"operType":null,"notPassword":null,"idnoStar":"3305011**********3","mobileStar":"137*****714","realName":"啊啊","mobile":"13720150714","email":"213@qq.com","sex":1,"idAuth":null,"customerSource":"03","mobileAuth":"1","birthday":656006400000,"idtype":0,"idno":"330501199010160413","telephone":null,"modifiedDate":1436856093000,"modifiedUser":null,"createdDate":1436855895000,"createdUser":null,"zip":"200000","province":"310000","city":"310000","emailAuth":null,"idAuthSource":null,"masterCustomerId":null,"idImageAuth":null,"occupationCode":null,"salaryGrade":null,"address":"时承保发送电子保单","name":"yjl0714","id":101483,"type":1,"password":"e10adc3949ba59abbe56e057f20f883e","status":1,"code":null},"resultCode":"1","resultMessage":"交易处理成功"}  .
[2015-10-15 09:53:25]通过code获取微信用户信息开始
[2015-10-15 09:53:25]jsonStr:{"code":"0214c3d4b254b2bb15050aef5aafe9ag"}
[2015-10-15 09:53:25]accessTokenUrl:https://api.weixin.qq.com/sns/oauth2/access_token?appid=wx4679ae3756777225&secret=5d26f6feb2885cb9226f9a79d79d5ff4&code=0214c3d4b254b2bb15050aef5aafe9ag&grant_type=authorization_code
[2015-10-15 09:53:25]accessTokenResult返回：{"access_token":"OezXcEiiBSKSxW0eoylIeLIuwSAaMZmYx12zIiFp71RJHm0RKTn9pqKQzn_LYS9qwYYWMY8t97yMrpMQUb_Vd86SyxA7n9F8s25YxXvmhN734236rco1wHonqZXNX98dCu5YsGHpyaiwiSVp-Er7hg","expires_in":7200,"refresh_token":"OezXcEiiBSKSxW0eoylIeLIuwSAaMZmYx12zIiFp71RJHm0RKTn9pqKQzn_LYS9qY7DxTCg5CjvCjk12kkmSCpEVSEyUFmKSlrZVa6Yx5fW2cQInQSdvxmSivZnPpCzXiTzIRwp3yZcw8J1BUQBO8Q","openid":"oT_izjtQd8oZxC026gul3eZBF7wE","scope":"snsapi_userinfo","unionid":"o_i4duLzv1ERBT4DqN6J6oesAhqw"}
[2015-10-15 09:53:25]userInfoUrl返回：https://api.weixin.qq.com/sns/userinfo?access_token=OezXcEiiBSKSxW0eoylIeLIuwSAaMZmYx12zIiFp71RJHm0RKTn9pqKQzn_LYS9qwYYWMY8t97yMrpMQUb_Vd86SyxA7n9F8s25YxXvmhN734236rco1wHonqZXNX98dCu5YsGHpyaiwiSVp-Er7hg&openid=oT_izjtQd8oZxC026gul3eZBF7wE
[2015-10-15 09:53:25]微信用户信息：{"openid":"oT_izjtQd8oZxC026gul3eZBF7wE","nickname":"??????","sex":1,"language":"zh_CN","city":"","province":"Beijing","country":"CN","headimgurl":"http:\/\/wx.qlogo.cn\/mmopen\/ib2sCiayrB8gLU5B1C7AicYnS2nfFFErtPsvggq0QxROZ9934KvH8YiaK6OZXBQYnQ9Sl34nDYnf6K5z9783dia6Mkpzkl5WU3wKN\/0","privilege":[],"unionid":"o_i4duLzv1ERBT4DqN6J6oesAhqw"}
[2015-10-15 09:53:25]通过code获取微信用户信息结束
2015-10-15 09:53:26  customerThirdLogin 入参 ： {"thirdUserType":"WX","thirdUserId":"oT_izjtQd8oZxC026gul3eZBF7wE","thirdUserName":null,"nickName":null,"paltformType":"03","systemType":"3"}  .
Oct 15, 2015 9:53:26 AM com.guohualife.platform.common.api.webservice.advice.ClientLogInterceptor handleMessage
INFO: 访问远程服务，服务地址：http://10.56.81.131:7001/customer/api/customerLoginService?wsdl
2015-10-15 09:53:26  customerThirdLogin 出参 ： {"customerInfoDTO":{"paltformType":null,"systemType":null,"hasPayPwd":false,"hasLoginPwd":true,"lastLoginTime":1444808740000,"notCustomerId":null,"operType":null,"notPassword":null,"idnoStar":"3305011**********3","mobileStar":"137*****714","realName":"啊啊","mobile":"13720150714","email":"213@qq.com","sex":1,"idAuth":null,"customerSource":"03","mobileAuth":"1","birthday":656006400000,"idtype":0,"idno":"330501199010160413","telephone":null,"modifiedDate":1436856093000,"modifiedUser":null,"createdDate":1436855895000,"createdUser":null,"zip":"200000","province":"310000","city":"310000","emailAuth":null,"idAuthSource":null,"masterCustomerId":null,"idImageAuth":null,"occupationCode":null,"salaryGrade":null,"address":"时承保发送电子保单","name":"yjl0714","id":101483,"type":1,"password":"e10adc3949ba59abbe56e057f20f883e","status":1,"code":null},"resultCode":"1","resultMessage":"交易处理成功"}  .
2015-10-15 09:53:26  queryPolicyList 入参 ： <?xml version="1.0" encoding="GBK"?><Packet type="REQUEST" version="1.0"><Head><RequestType>WX050</RequestType><CompanyCode>01</CompanyCode></Head><Body><BasePart><CustomerID >101483</CustomerID><Type>0</Type></BasePart></Body></Packet>  .
2015-10-15 09:53:26  queryPolicyList 出参 ： <?xml version="1.0" encoding="GBK"?>
<Packet><Head><ResquestType>WX050</ResquestType><ResponseCode>1</ResponseCode><ErrorCode>0000</ErrorCode><ErrorMessage>成功</ErrorMessage></Head><Body><PolicyList><Policy><PolicyNo>baodanhao1</PolicyNo><VehicleLicenceCode>未上牌</VehicleLicenceCode><EffectiveDate>20151011</EffectiveDate><Premium>3228.30</Premium><Status>4</Status></Policy><Policy><PolicyNo>baodanhao2</PolicyNo><VehicleLicenceCode>未上牌</VehicleLicenceCode><EffectiveDate>20151013</EffectiveDate><Premium>4017.20</Premium><Status>4</Status></Policy><Policy><PolicyNo>baodanhao3</PolicyNo><VehicleLicenceCode>未上牌</VehicleLicenceCode><EffectiveDate>20151013</EffectiveDate><Premium>855.00</Premium><Status>4</Status></Policy><Policy><PolicyNo>1000109000009662994</PolicyNo><VehicleLicenceCode>未上牌</VehicleLicenceCode><EffectiveDate>20151016</EffectiveDate><Premium>2744.06</Premium><Status>4</Status></Policy></PolicyList></Body></Packet>  .
2015-10-15 09:53:26  queryOrderList 入参 ： <?xml version="1.0" encoding="GBK"?><Packet type="REQUEST" version="1.0"><Head><RequestType>WX050</RequestType><CompanyCode>01</CompanyCode></Head><Body><BasePart><CustomerID >101483</CustomerID><Type>1</Type></BasePart></Body></Packet>  .
2015-10-15 09:53:26  queryOrderList 出参 ： <?xml version="1.0" encoding="GBK"?>
<Packet><Head><ResquestType>WX050</ResquestType><ResponseCode>1</ResponseCode><ErrorCode>0000</ErrorCode><ErrorMessage>成功</ErrorMessage></Head><Body><PolicyList><Policy><PolicyNo>DT00000136</PolicyNo><VehicleLicenceCode>未上牌</VehicleLicenceCode><EffectiveDate>20151031</EffectiveDate><Premium>3228.30</Premium><Status>1</Status></Policy><Policy><PolicyNo>DT00000137</PolicyNo><VehicleLicenceCode>未上牌</VehicleLicenceCode><EffectiveDate>20151031</EffectiveDate><Premium>3228.30</Premium><Status>1</Status></Policy><Policy><PolicyNo>DT00000138</PolicyNo><VehicleLicenceCode>未上牌</VehicleLicenceCode><EffectiveDate>20151030</EffectiveDate><Premium>5052.30</Premium><Status>1</Status></Policy></PolicyList></Body></Packet>  .
2015-10-15 09:53:59  queryPolicyDetails 入参 ： <?xml version="1.0" encoding="GBK"?><Packet type="REQUEST" version="1.0"><Head><RequestType>WX060</RequestType><CompanyCode>01</CompanyCode></Head><Body><BasePart><PolicyNo>baodanhao2</PolicyNo></BasePart></Body></Packet>  .
2015-10-15 09:53:59  queryPolicyDetails 出参 ： <?xml version="1.0" encoding="GBK"?>
<Packet><Head><ResquestType>WX060</ResquestType><ResponseCode>1</ResponseCode><ErrorCode>0000</ErrorCode><ErrorMessage>成功</ErrorMessage></Head><Body><BasePart><PolicyNo>baodanhao2</PolicyNo><EffectiveDate>20151013</EffectiveDate><ExpireDate>20161012</ExpireDate><Premium>4017.20</Premium><ContStatus>4</ContStatus><ChannelName>微信</ChannelName></BasePart><Applicant><Personnel><PersonnelName>张三</PersonnelName><CertificateType>1</CertificateType><CertificateNo>110101198001010010</CertificateNo><MobileTelephone>13111111111</MobileTelephone><DriverLicenseExpirationDate/><DrivingExpirationDate/><Gender>M</Gender></Personnel></Applicant><Insured><Personnel><PersonnelName>张三</PersonnelName><CertificateType>1</CertificateType><CertificateNo>110101198001010010</CertificateNo><MobileTelephone>13111111111</MobileTelephone><DriverLicenseExpirationDate/><DrivingExpirationDate/><Gender>M</Gender></Personnel></Insured><Vehicle><ProvinceName>山东</ProvinceName><VehicleLicenceCode></VehicleLicenceCode><VehicleBrand>上海大众</VehicleBrand><EngineNo>LSVAM4187C2184847</EngineNo></Vehicle><SendInfo><Contacts>张三</Contacts><ContactsMobile>13111111111</ContactsMobile><SendAddress>中国和</SendAddress></SendInfo><CoverageList/></Body></Packet>  .
2015-10-15 09:54:03  queryPolicyList 入参 ： <?xml version="1.0" encoding="GBK"?><Packet type="REQUEST" version="1.0"><Head><RequestType>WX050</RequestType><CompanyCode>01</CompanyCode></Head><Body><BasePart><CustomerID >101483</CustomerID><Type>0</Type></BasePart></Body></Packet>  .
2015-10-15 09:54:03  queryPolicyList 出参 ： <?xml version="1.0" encoding="GBK"?>
<Packet><Head><ResquestType>WX050</ResquestType><ResponseCode>1</ResponseCode><ErrorCode>0000</ErrorCode><ErrorMessage>成功</ErrorMessage></Head><Body><PolicyList><Policy><PolicyNo>baodanhao1</PolicyNo><VehicleLicenceCode>未上牌</VehicleLicenceCode><EffectiveDate>20151011</EffectiveDate><Premium>3228.30</Premium><Status>4</Status></Policy><Policy><PolicyNo>baodanhao2</PolicyNo><VehicleLicenceCode>未上牌</VehicleLicenceCode><EffectiveDate>20151013</EffectiveDate><Premium>4017.20</Premium><Status>4</Status></Policy><Policy><PolicyNo>baodanhao3</PolicyNo><VehicleLicenceCode>未上牌</VehicleLicenceCode><EffectiveDate>20151013</EffectiveDate><Premium>855.00</Premium><Status>4</Status></Policy><Policy><PolicyNo>1000109000009662994</PolicyNo><VehicleLicenceCode>未上牌</VehicleLicenceCode><EffectiveDate>20151016</EffectiveDate><Premium>2744.06</Premium><Status>4</Status></Policy></PolicyList></Body></Packet>  .
2015-10-15 09:54:03  queryOrderList 入参 ： <?xml version="1.0" encoding="GBK"?><Packet type="REQUEST" version="1.0"><Head><RequestType>WX050</RequestType><CompanyCode>01</CompanyCode></Head><Body><BasePart><CustomerID >101483</CustomerID><Type>1</Type></BasePart></Body></Packet>  .
2015-10-15 09:54:03  queryOrderList 出参 ： <?xml version="1.0" encoding="GBK"?>
<Packet><Head><ResquestType>WX050</ResquestType><ResponseCode>1</ResponseCode><ErrorCode>0000</ErrorCode><ErrorMessage>成功</ErrorMessage></Head><Body><PolicyList><Policy><PolicyNo>DT00000136</PolicyNo><VehicleLicenceCode>未上牌</VehicleLicenceCode><EffectiveDate>20151031</EffectiveDate><Premium>3228.30</Premium><Status>1</Status></Policy><Policy><PolicyNo>DT00000137</PolicyNo><VehicleLicenceCode>未上牌</VehicleLicenceCode><EffectiveDate>20151031</EffectiveDate><Premium>3228.30</Premium><Status>1</Status></Policy><Policy><PolicyNo>DT00000138</PolicyNo><VehicleLicenceCode>未上牌</VehicleLicenceCode><EffectiveDate>20151030</EffectiveDate><Premium>5052.30</Premium><Status>1</Status></Policy></PolicyList></Body></Packet>  .
[2015-10-15 09:54:10]通过code获取微信用户信息开始
[2015-10-15 09:54:10]jsonStr:{"code":"001d50e1e64118c4594a1501116449b7"}
[2015-10-15 09:54:10]accessTokenUrl:https://api.weixin.qq.com/sns/oauth2/access_token?appid=wx4679ae3756777225&secret=5d26f6feb2885cb9226f9a79d79d5ff4&code=001d50e1e64118c4594a1501116449b7&grant_type=authorization_code
[2015-10-15 09:54:11]accessTokenResult返回：{"access_token":"OezXcEiiBSKSxW0eoylIeLIuwSAaMZmYx12zIiFp71RJHm0RKTn9pqKQzn_LYS9qlVIYTWEDwxgCRYQ4LZxLSTcKEcR05dJdOZlDj0sOVyLYLj1QTLSc-ZyXojqiZWoXCdEllw8xidVii02biow2fw","expires_in":7200,"refresh_token":"OezXcEiiBSKSxW0eoylIeLIuwSAaMZmYx12zIiFp71RJHm0RKTn9pqKQzn_LYS9qFMdKp5b3emepoBwpg_VLC-JQQ4viB9zKR5VKmu9oBR_4OM7I8C-LaWD6_gX6jqudN-OT3knFAM3Mytpx4In0BQ","openid":"oT_izjtQd8oZxC026gul3eZBF7wE","scope":"snsapi_userinfo","unionid":"o_i4duLzv1ERBT4DqN6J6oesAhqw"}
[2015-10-15 09:54:11]userInfoUrl返回：https://api.weixin.qq.com/sns/userinfo?access_token=OezXcEiiBSKSxW0eoylIeLIuwSAaMZmYx12zIiFp71RJHm0RKTn9pqKQzn_LYS9qlVIYTWEDwxgCRYQ4LZxLSTcKEcR05dJdOZlDj0sOVyLYLj1QTLSc-ZyXojqiZWoXCdEllw8xidVii02biow2fw&openid=oT_izjtQd8oZxC026gul3eZBF7wE
[2015-10-15 09:54:11]微信用户信息：{"openid":"oT_izjtQd8oZxC026gul3eZBF7wE","nickname":"??????","sex":1,"language":"zh_CN","city":"","province":"Beijing","country":"CN","headimgurl":"http:\/\/wx.qlogo.cn\/mmopen\/ib2sCiayrB8gLU5B1C7AicYnS2nfFFErtPsvggq0QxROZ9934KvH8YiaK6OZXBQYnQ9Sl34nDYnf6K5z9783dia6Mkpzkl5WU3wKN\/0","privilege":[],"unionid":"o_i4duLzv1ERBT4DqN6J6oesAhqw"}
[2015-10-15 09:54:11]通过code获取微信用户信息结束
2015-10-15 09:54:11  customerThirdLogin 入参 ： {"thirdUserType":"WX","thirdUserId":"oT_izjtQd8oZxC026gul3eZBF7wE","thirdUserName":null,"nickName":null,"paltformType":"03","systemType":"3"}  .
Oct 15, 2015 9:54:11 AM com.guohualife.platform.common.api.webservice.advice.ClientLogInterceptor handleMessage
INFO: 访问远程服务，服务地址：http://10.56.81.131:7001/customer/api/customerLoginService?wsdl
2015-10-15 09:54:11  customerThirdLogin 出参 ： {"customerInfoDTO":{"paltformType":null,"systemType":null,"hasPayPwd":false,"hasLoginPwd":true,"lastLoginTime":1444808740000,"notCustomerId":null,"operType":null,"notPassword":null,"idnoStar":"3305011**********3","mobileStar":"137*****714","realName":"啊啊","mobile":"13720150714","email":"213@qq.com","sex":1,"idAuth":null,"customerSource":"03","mobileAuth":"1","birthday":656006400000,"idtype":0,"idno":"330501199010160413","telephone":null,"modifiedDate":1436856093000,"modifiedUser":null,"createdDate":1436855895000,"createdUser":null,"zip":"200000","province":"310000","city":"310000","emailAuth":null,"idAuthSource":null,"masterCustomerId":null,"idImageAuth":null,"occupationCode":null,"salaryGrade":null,"address":"时承保发送电子保单","name":"yjl0714","id":101483,"type":1,"password":"e10adc3949ba59abbe56e057f20f883e","status":1,"code":null},"resultCode":"1","resultMessage":"交易处理成功"}  .
2015-10-15 09:54:11  queryOrderList 入参 ： <?xml version="1.0" encoding="GBK"?><Packet type="REQUEST" version="1.0"><Head><RequestType>WX050</RequestType><CompanyCode>01</CompanyCode></Head><Body><BasePart><CustomerID >101483</CustomerID><Type>1</Type></BasePart></Body></Packet>  .
2015-10-15 09:54:11  queryOrderList 出参 ： <?xml version="1.0" encoding="GBK"?>
<Packet><Head><ResquestType>WX050</ResquestType><ResponseCode>1</ResponseCode><ErrorCode>0000</ErrorCode><ErrorMessage>成功</ErrorMessage></Head><Body><PolicyList><Policy><PolicyNo>DT00000136</PolicyNo><VehicleLicenceCode>未上牌</VehicleLicenceCode><EffectiveDate>20151031</EffectiveDate><Premium>3228.30</Premium><Status>1</Status></Policy><Policy><PolicyNo>DT00000137</PolicyNo><VehicleLicenceCode>未上牌</VehicleLicenceCode><EffectiveDate>20151031</EffectiveDate><Premium>3228.30</Premium><Status>1</Status></Policy><Policy><PolicyNo>DT00000138</PolicyNo><VehicleLicenceCode>未上牌</VehicleLicenceCode><EffectiveDate>20151030</EffectiveDate><Premium>5052.30</Premium><Status>1</Status></Policy></PolicyList></Body></Packet>  .
2015-10-15 09:54:11  queryPolicyList 入参 ： <?xml version="1.0" encoding="GBK"?><Packet type="REQUEST" version="1.0"><Head><RequestType>WX050</RequestType><CompanyCode>01</CompanyCode></Head><Body><BasePart><CustomerID >101483</CustomerID><Type>0</Type></BasePart></Body></Packet>  .
2015-10-15 09:54:11  queryPolicyList 出参 ： <?xml version="1.0" encoding="GBK"?>
<Packet><Head><ResquestType>WX050</ResquestType><ResponseCode>1</ResponseCode><ErrorCode>0000</ErrorCode><ErrorMessage>成功</ErrorMessage></Head><Body><PolicyList><Policy><PolicyNo>baodanhao1</PolicyNo><VehicleLicenceCode>未上牌</VehicleLicenceCode><EffectiveDate>20151011</EffectiveDate><Premium>3228.30</Premium><Status>4</Status></Policy><Policy><PolicyNo>baodanhao2</PolicyNo><VehicleLicenceCode>未上牌</VehicleLicenceCode><EffectiveDate>20151013</EffectiveDate><Premium>4017.20</Premium><Status>4</Status></Policy><Policy><PolicyNo>baodanhao3</PolicyNo><VehicleLicenceCode>未上牌</VehicleLicenceCode><EffectiveDate>20151013</EffectiveDate><Premium>855.00</Premium><Status>4</Status></Policy><Policy><PolicyNo>1000109000009662994</PolicyNo><VehicleLicenceCode>未上牌</VehicleLicenceCode><EffectiveDate>20151016</EffectiveDate><Premium>2744.06</Premium><Status>4</Status></Policy></PolicyList></Body></Packet>  .
2015-10-15 09:54:18  queryOrderList 入参 ： <?xml version="1.0" encoding="GBK"?><Packet type="REQUEST" version="1.0"><Head><RequestType>WX050</RequestType><CompanyCode>01</CompanyCode></Head><Body><BasePart><CustomerID >101483</CustomerID><Type>1</Type></BasePart></Body></Packet>  .
2015-10-15 09:54:18  queryOrderList 出参 ： <?xml version="1.0" encoding="GBK"?>
<Packet><Head><ResquestType>WX050</ResquestType><ResponseCode>1</ResponseCode><ErrorCode>0000</ErrorCode><ErrorMessage>成功</ErrorMessage></Head><Body><PolicyList><Policy><PolicyNo>DT00000136</PolicyNo><VehicleLicenceCode>未上牌</VehicleLicenceCode><EffectiveDate>20151031</EffectiveDate><Premium>3228.30</Premium><Status>1</Status></Policy><Policy><PolicyNo>DT00000137</PolicyNo><VehicleLicenceCode>未上牌</VehicleLicenceCode><EffectiveDate>20151031</EffectiveDate><Premium>3228.30</Premium><Status>1</Status></Policy><Policy><PolicyNo>DT00000138</PolicyNo><VehicleLicenceCode>未上牌</VehicleLicenceCode><EffectiveDate>20151030</EffectiveDate><Premium>5052.30</Premium><Status>1</Status></Policy></PolicyList></Body></Packet>  .
2015-10-15 09:54:18  queryPolicyList 入参 ： <?xml version="1.0" encoding="GBK"?><Packet type="REQUEST" version="1.0"><Head><RequestType>WX050</RequestType><CompanyCode>01</CompanyCode></Head><Body><BasePart><CustomerID >101483</CustomerID><Type>0</Type></BasePart></Body></Packet>  .
2015-10-15 09:54:18  queryPolicyList 出参 ： <?xml version="1.0" encoding="GBK"?>
<Packet><Head><ResquestType>WX050</ResquestType><ResponseCode>1</ResponseCode><ErrorCode>0000</ErrorCode><ErrorMessage>成功</ErrorMessage></Head><Body><PolicyList><Policy><PolicyNo>baodanhao1</PolicyNo><VehicleLicenceCode>未上牌</VehicleLicenceCode><EffectiveDate>20151011</EffectiveDate><Premium>3228.30</Premium><Status>4</Status></Policy><Policy><PolicyNo>baodanhao2</PolicyNo><VehicleLicenceCode>未上牌</VehicleLicenceCode><EffectiveDate>20151013</EffectiveDate><Premium>4017.20</Premium><Status>4</Status></Policy><Policy><PolicyNo>baodanhao3</PolicyNo><VehicleLicenceCode>未上牌</VehicleLicenceCode><EffectiveDate>20151013</EffectiveDate><Premium>855.00</Premium><Status>4</Status></Policy><Policy><PolicyNo>1000109000009662994</PolicyNo><VehicleLicenceCode>未上牌</VehicleLicenceCode><EffectiveDate>20151016</EffectiveDate><Premium>2744.06</Premium><Status>4</Status></Policy></PolicyList></Body></Packet>  .
2015-10-15 09:54:27  queryPolicyDetails 入参 ： <?xml version="1.0" encoding="GBK"?><Packet type="REQUEST" version="1.0"><Head><RequestType>WX060</RequestType><CompanyCode>01</CompanyCode></Head><Body><BasePart><PolicyNo>baodanhao1</PolicyNo></BasePart></Body></Packet>  .
2015-10-15 09:54:27  queryPolicyDetails 出参 ： <?xml version="1.0" encoding="GBK"?>
<Packet><Head><ResquestType>WX060</ResquestType><ResponseCode>1</ResponseCode><ErrorCode>0000</ErrorCode><ErrorMessage>成功</ErrorMessage></Head><Body><BasePart><PolicyNo>baodanhao1</PolicyNo><EffectiveDate>20151011</EffectiveDate><ExpireDate>20161010</ExpireDate><Premium>3228.30</Premium><ContStatus>4</ContStatus><ChannelName>微信</ChannelName></BasePart><Applicant><Personnel><PersonnelName>张三三</PersonnelName><CertificateType>1</CertificateType><CertificateNo>110101198001010010</CertificateNo><MobileTelephone>13111111111</MobileTelephone><DriverLicenseExpirationDate/><DrivingExpirationDate/><Gender>M</Gender></Personnel></Applicant><Insured><Personnel><PersonnelName>张三三</PersonnelName><CertificateType>1</CertificateType><CertificateNo>110101198001010010</CertificateNo><MobileTelephone>13111111111</MobileTelephone><DriverLicenseExpirationDate/><DrivingExpirationDate/><Gender>M</Gender></Personnel></Insured><Vehicle><ProvinceName>山东</ProvinceName><VehicleLicenceCode></VehicleLicenceCode><VehicleBrand>上海大众</VehicleBrand><EngineNo>LSVAM4187C2184847</EngineNo></Vehicle><SendInfo><Contacts>张三三</Contacts><ContactsMobile>13111111111</ContactsMobile><SendAddress>中国</SendAddress></SendInfo><CoverageList/></Body></Packet>  .
2015-10-15 09:54:32  queryOrderList 入参 ： <?xml version="1.0" encoding="GBK"?><Packet type="REQUEST" version="1.0"><Head><RequestType>WX050</RequestType><CompanyCode>01</CompanyCode></Head><Body><BasePart><CustomerID >101483</CustomerID><Type>1</Type></BasePart></Body></Packet>  .
2015-10-15 09:54:32  queryOrderList 出参 ： <?xml version="1.0" encoding="GBK"?>
<Packet><Head><ResquestType>WX050</ResquestType><ResponseCode>1</ResponseCode><ErrorCode>0000</ErrorCode><ErrorMessage>成功</ErrorMessage></Head><Body><PolicyList><Policy><PolicyNo>DT00000136</PolicyNo><VehicleLicenceCode>未上牌</VehicleLicenceCode><EffectiveDate>20151031</EffectiveDate><Premium>3228.30</Premium><Status>1</Status></Policy><Policy><PolicyNo>DT00000137</PolicyNo><VehicleLicenceCode>未上牌</VehicleLicenceCode><EffectiveDate>20151031</EffectiveDate><Premium>3228.30</Premium><Status>1</Status></Policy><Policy><PolicyNo>DT00000138</PolicyNo><VehicleLicenceCode>未上牌</VehicleLicenceCode><EffectiveDate>20151030</EffectiveDate><Premium>5052.30</Premium><Status>1</Status></Policy></PolicyList></Body></Packet>  .
2015-10-15 09:54:32  queryPolicyList 入参 ： <?xml version="1.0" encoding="GBK"?><Packet type="REQUEST" version="1.0"><Head><RequestType>WX050</RequestType><CompanyCode>01</CompanyCode></Head><Body><BasePart><CustomerID >101483</CustomerID><Type>0</Type></BasePart></Body></Packet>  .
2015-10-15 09:54:32  queryPolicyList 出参 ： <?xml version="1.0" encoding="GBK"?>
<Packet><Head><ResquestType>WX050</ResquestType><ResponseCode>1</ResponseCode><ErrorCode>0000</ErrorCode><ErrorMessage>成功</ErrorMessage></Head><Body><PolicyList><Policy><PolicyNo>baodanhao1</PolicyNo><VehicleLicenceCode>未上牌</VehicleLicenceCode><EffectiveDate>20151011</EffectiveDate><Premium>3228.30</Premium><Status>4</Status></Policy><Policy><PolicyNo>baodanhao2</PolicyNo><VehicleLicenceCode>未上牌</VehicleLicenceCode><EffectiveDate>20151013</EffectiveDate><Premium>4017.20</Premium><Status>4</Status></Policy><Policy><PolicyNo>baodanhao3</PolicyNo><VehicleLicenceCode>未上牌</VehicleLicenceCode><EffectiveDate>20151013</EffectiveDate><Premium>855.00</Premium><Status>4</Status></Policy><Policy><PolicyNo>1000109000009662994</PolicyNo><VehicleLicenceCode>未上牌</VehicleLicenceCode><EffectiveDate>20151016</EffectiveDate><Premium>2744.06</Premium><Status>4</Status></Policy></PolicyList></Body></Packet>  .
2015-10-15 09:54:38  queryPolicyDetails 入参 ： <?xml version="1.0" encoding="GBK"?><Packet type="REQUEST" version="1.0"><Head><RequestType>WX060</RequestType><CompanyCode>01</CompanyCode></Head><Body><BasePart><PolicyNo>1000109000009662994</PolicyNo></BasePart></Body></Packet>  .
2015-10-15 09:54:38  queryPolicyDetails 出参 ： <?xml version="1.0" encoding="GBK"?>
<Packet><Head><ResquestType>WX060</ResquestType><ResponseCode>1</ResponseCode><ErrorCode>0000</ErrorCode><ErrorMessage>成功</ErrorMessage></Head><Body><BasePart><PolicyNo>1000109000009662994</PolicyNo><EffectiveDate>20151016</EffectiveDate><ExpireDate>20161015</ExpireDate><Premium>2744.06</Premium><ContStatus>4</ContStatus><ChannelName>微信</ChannelName></BasePart><Applicant><Personnel><PersonnelName>上面</PersonnelName><CertificateType>1</CertificateType><CertificateNo>110101198001010010</CertificateNo><MobileTelephone>13111111111</MobileTelephone><DriverLicenseExpirationDate/><DrivingExpirationDate/><Gender>M</Gender></Personnel></Applicant><Insured><Personnel><PersonnelName>上面</PersonnelName><CertificateType>1</CertificateType><CertificateNo>110101198001010010</CertificateNo><MobileTelephone>13111111111</MobileTelephone><DriverLicenseExpirationDate/><DrivingExpirationDate/><Gender>M</Gender></Personnel></Insured><Vehicle><ProvinceName>山东</ProvinceName><VehicleLicenceCode></VehicleLicenceCode><VehicleBrand>上海大众</VehicleBrand><EngineNo>LSVAM4187C2184847</EngineNo></Vehicle><SendInfo><Contacts>上面</Contacts><ContactsMobile>13111111111</ContactsMobile><SendAddress>测试地址</SendAddress></SendInfo><CoverageList/></Body></Packet>  .
2015-10-15 09:54:41  queryOrderList 入参 ： <?xml version="1.0" encoding="GBK"?><Packet type="REQUEST" version="1.0"><Head><RequestType>WX050</RequestType><CompanyCode>01</CompanyCode></Head><Body><BasePart><CustomerID >101483</CustomerID><Type>1</Type></BasePart></Body></Packet>  .
2015-10-15 09:54:42  queryOrderList 出参 ： <?xml version="1.0" encoding="GBK"?>
<Packet><Head><ResquestType>WX050</ResquestType><ResponseCode>1</ResponseCode><ErrorCode>0000</ErrorCode><ErrorMessage>成功</ErrorMessage></Head><Body><PolicyList><Policy><PolicyNo>DT00000136</PolicyNo><VehicleLicenceCode>未上牌</VehicleLicenceCode><EffectiveDate>20151031</EffectiveDate><Premium>3228.30</Premium><Status>1</Status></Policy><Policy><PolicyNo>DT00000137</PolicyNo><VehicleLicenceCode>未上牌</VehicleLicenceCode><EffectiveDate>20151031</EffectiveDate><Premium>3228.30</Premium><Status>1</Status></Policy><Policy><PolicyNo>DT00000138</PolicyNo><VehicleLicenceCode>未上牌</VehicleLicenceCode><EffectiveDate>20151030</EffectiveDate><Premium>5052.30</Premium><Status>1</Status></Policy></PolicyList></Body></Packet>  .
2015-10-15 09:54:42  queryPolicyList 入参 ： <?xml version="1.0" encoding="GBK"?><Packet type="REQUEST" version="1.0"><Head><RequestType>WX050</RequestType><CompanyCode>01</CompanyCode></Head><Body><BasePart><CustomerID >101483</CustomerID><Type>0</Type></BasePart></Body></Packet>  .
2015-10-15 09:54:42  queryPolicyList 出参 ： <?xml version="1.0" encoding="GBK"?>
<Packet><Head><ResquestType>WX050</ResquestType><ResponseCode>1</ResponseCode><ErrorCode>0000</ErrorCode><ErrorMessage>成功</ErrorMessage></Head><Body><PolicyList><Policy><PolicyNo>baodanhao1</PolicyNo><VehicleLicenceCode>未上牌</VehicleLicenceCode><EffectiveDate>20151011</EffectiveDate><Premium>3228.30</Premium><Status>4</Status></Policy><Policy><PolicyNo>baodanhao2</PolicyNo><VehicleLicenceCode>未上牌</VehicleLicenceCode><EffectiveDate>20151013</EffectiveDate><Premium>4017.20</Premium><Status>4</Status></Policy><Policy><PolicyNo>baodanhao3</PolicyNo><VehicleLicenceCode>未上牌</VehicleLicenceCode><EffectiveDate>20151013</EffectiveDate><Premium>855.00</Premium><Status>4</Status></Policy><Policy><PolicyNo>1000109000009662994</PolicyNo><VehicleLicenceCode>未上牌</VehicleLicenceCode><EffectiveDate>20151016</EffectiveDate><Premium>2744.06</Premium><Status>4</Status></Policy></PolicyList></Body></Packet>  .
2015-10-15 09:56:48  queryOrderList 入参 ： <?xml version="1.0" encoding="GBK"?><Packet type="REQUEST" version="1.0"><Head><RequestType>WX050</RequestType><CompanyCode>01</CompanyCode></Head><Body><BasePart><CustomerID >101483</CustomerID><Type>1</Type></BasePart></Body></Packet>  .
2015-10-15 09:56:48  queryOrderList 出参 ： <?xml version="1.0" encoding="GBK"?>
<Packet><Head><ResquestType>WX050</ResquestType><ResponseCode>1</ResponseCode><ErrorCode>0000</ErrorCode><ErrorMessage>成功</ErrorMessage></Head><Body><PolicyList><Policy><PolicyNo>DT00000136</PolicyNo><VehicleLicenceCode>未上牌</VehicleLicenceCode><EffectiveDate>20151031</EffectiveDate><Premium>3228.30</Premium><Status>1</Status></Policy><Policy><PolicyNo>DT00000137</PolicyNo><VehicleLicenceCode>未上牌</VehicleLicenceCode><EffectiveDate>20151031</EffectiveDate><Premium>3228.30</Premium><Status>1</Status></Policy><Policy><PolicyNo>DT00000138</PolicyNo><VehicleLicenceCode>未上牌</VehicleLicenceCode><EffectiveDate>20151030</EffectiveDate><Premium>5052.30</Premium><Status>1</Status></Policy></PolicyList></Body></Packet>  .
2015-10-15 09:56:48  queryPolicyList 入参 ： <?xml version="1.0" encoding="GBK"?><Packet type="REQUEST" version="1.0"><Head><RequestType>WX050</RequestType><CompanyCode>01</CompanyCode></Head><Body><BasePart><CustomerID >101483</CustomerID><Type>0</Type></BasePart></Body></Packet>  .
2015-10-15 09:56:48  queryPolicyList 出参 ： <?xml version="1.0" encoding="GBK"?>
<Packet><Head><ResquestType>WX050</ResquestType><ResponseCode>1</ResponseCode><ErrorCode>0000</ErrorCode><ErrorMessage>成功</ErrorMessage></Head><Body><PolicyList><Policy><PolicyNo>baodanhao1</PolicyNo><VehicleLicenceCode>未上牌</VehicleLicenceCode><EffectiveDate>20151011</EffectiveDate><Premium>3228.30</Premium><Status>4</Status></Policy><Policy><PolicyNo>baodanhao2</PolicyNo><VehicleLicenceCode>未上牌</VehicleLicenceCode><EffectiveDate>20151013</EffectiveDate><Premium>4017.20</Premium><Status>4</Status></Policy><Policy><PolicyNo>baodanhao3</PolicyNo><VehicleLicenceCode>未上牌</VehicleLicenceCode><EffectiveDate>20151013</EffectiveDate><Premium>855.00</Premium><Status>4</Status></Policy><Policy><PolicyNo>1000109000009662994</PolicyNo><VehicleLicenceCode>未上牌</VehicleLicenceCode><EffectiveDate>20151016</EffectiveDate><Premium>2744.06</Premium><Status>4</Status></Policy></PolicyList></Body></Packet>  .
[2015-10-15 09:57:46]通过code获取微信用户信息开始
[2015-10-15 09:57:46]jsonStr:{"code":"03123c451faffe9faca13cf2266fec11"}
[2015-10-15 09:57:46]accessTokenUrl:https://api.weixin.qq.com/sns/oauth2/access_token?appid=wx4679ae3756777225&secret=5d26f6feb2885cb9226f9a79d79d5ff4&code=03123c451faffe9faca13cf2266fec11&grant_type=authorization_code
[2015-10-15 09:57:46]accessTokenResult返回：{"access_token":"OezXcEiiBSKSxW0eoylIeLIuwSAaMZmYx12zIiFp71RLpf3G7pQSbBrBxIpmsAK_mt8xCwhkBacfeab-vuHJDdRgwvAgkgm55rFxovsW2YIUDikj3j6f7i06lZM7ea-K_lhlCb_Z5uUEimGxGQBCJw","expires_in":7200,"refresh_token":"OezXcEiiBSKSxW0eoylIeLIuwSAaMZmYx12zIiFp71RLpf3G7pQSbBrBxIpmsAK_Sc3oEf6z5PeA9QPpM82s8mQhiLtsNJUpBtETVDKoKbBHhEmlaPI1OftcomWRAjng0ue1WAvEJ8fyoRGnwi2ldQ","openid":"oT_izju6EB_XXn5HOrtIzm3zAav8","scope":"snsapi_userinfo","unionid":"o_i4duGJ_CIh4rijr2xqB4I6Jxlo"}
[2015-10-15 09:57:46]userInfoUrl返回：https://api.weixin.qq.com/sns/userinfo?access_token=OezXcEiiBSKSxW0eoylIeLIuwSAaMZmYx12zIiFp71RLpf3G7pQSbBrBxIpmsAK_mt8xCwhkBacfeab-vuHJDdRgwvAgkgm55rFxovsW2YIUDikj3j6f7i06lZM7ea-K_lhlCb_Z5uUEimGxGQBCJw&openid=oT_izju6EB_XXn5HOrtIzm3zAav8
[2015-10-15 09:57:46]微信用户信息：{"openid":"oT_izju6EB_XXn5HOrtIzm3zAav8","nickname":"è??è??","sex":2,"language":"zh_CN","city":"West Green","province":"Tianjin","country":"CN","headimgurl":"http:\/\/wx.qlogo.cn\/mmopen\/OibRNdtlJdkHuicYPbNE70WT31qBQZshjMWEpOu123QjSECuMRibNb61bJTGg1icHNGsuTjLQ678KDDicvl7XPwuQzQ\/0","privilege":[],"unionid":"o_i4duGJ_CIh4rijr2xqB4I6Jxlo"}
[2015-10-15 09:57:46]通过code获取微信用户信息结束
2015-10-15 09:57:46  customerThirdLogin 入参 ： {"thirdUserType":"WX","thirdUserId":"oT_izju6EB_XXn5HOrtIzm3zAav8","thirdUserName":null,"nickName":null,"paltformType":"03","systemType":"3"}  .
Oct 15, 2015 9:57:46 AM com.guohualife.platform.common.api.webservice.advice.ClientLogInterceptor handleMessage
INFO: 访问远程服务，服务地址：http://10.56.81.131:7001/customer/api/customerLoginService?wsdl
2015-10-15 09:57:46  customerThirdLogin 出参 ： {"customerInfoDTO":null,"resultCode":"0","resultMessage":"第三方用户信息为空"}  .
2015-10-15 09:58:13  registerNewCustomer 入参 ： {"thirdUserType":"WX","thirdUserId":"oT_izju6EB_XXn5HOrtIzm3zAav8","mobile":"18002001377","email":null,"sex":null,"thirdUserName":"转转","nickName":null,"customerSource":"45","mobileAuth":"1","name":null,"type":"1","password":"c4ca4238a0b923820dcc509a6f75849b"}  .
Oct 15, 2015 9:58:13 AM com.guohualife.platform.common.api.webservice.advice.ClientLogInterceptor handleMessage
INFO: 访问远程服务，服务地址：http://10.56.81.131:7001/customer/api/customerLoginService?wsdl
2015-10-15 09:58:13  registerNewCustomer 出参 ： {"customerId":null,"name":null,"resultCode":"0","resultMessage":"该手机号码已认证,请用认证手机号登录!"}  .
2015-10-15 09:58:28  customerNomalLogin 入参 ： {"sessionId":null,"loginType":"1","yzm":null,"inpYzm":null,"dynamicCode":null,"name":"18002001377","password":"698d51a19d8a121ce581499d7b701668","paltformType":"03","systemType":"3"}  .
Oct 15, 2015 9:58:28 AM com.guohualife.platform.common.api.webservice.advice.ClientLogInterceptor handleMessage
INFO: 访问远程服务，服务地址：http://10.56.81.131:7001/customer/api/customerLoginService?wsdl
2015-10-15 09:58:28  customerNomalLogin 出参 ： {"customerInfoDTO":{"paltformType":null,"systemType":null,"hasPayPwd":false,"hasLoginPwd":true,"lastLoginTime":1444802983000,"notCustomerId":null,"operType":null,"notPassword":null,"idnoStar":null,"mobileStar":"180*****377","realName":null,"mobile":"18002001377","email":null,"sex":1,"idAuth":null,"customerSource":"45","mobileAuth":"1","birthday":null,"idtype":0,"idno":null,"telephone":null,"modifiedDate":1444802973000,"modifiedUser":"tb187673","createdDate":1444802844000,"createdUser":"tb187673","zip":null,"province":null,"city":null,"emailAuth":null,"idAuthSource":null,"masterCustomerId":null,"idImageAuth":null,"occupationCode":null,"salaryGrade":null,"address":null,"name":"tb187673","id":107514,"type":1,"password":"698d51a19d8a121ce581499d7b701668","status":1,"code":null},"resultCode":"1","resultMessage":"交易处理成功"}  .
2015-10-15 09:58:29  queryOrderList 入参 ： <?xml version="1.0" encoding="GBK"?><Packet type="REQUEST" version="1.0"><Head><RequestType>WX050</RequestType><CompanyCode>01</CompanyCode></Head><Body><BasePart><CustomerID >107514</CustomerID><Type>1</Type></BasePart></Body></Packet>  .
2015-10-15 09:58:29  queryOrderList 出参 ： <?xml version="1.0" encoding="GBK"?>
<Packet><Head><ResquestType>WX050</ResquestType><ResponseCode>1</ResponseCode><ErrorCode>0000</ErrorCode><ErrorMessage>成功</ErrorMessage></Head><Body><PolicyList/></Body></Packet>  .
2015-10-15 09:58:29  queryPolicyList 入参 ： <?xml version="1.0" encoding="GBK"?><Packet type="REQUEST" version="1.0"><Head><RequestType>WX050</RequestType><CompanyCode>01</CompanyCode></Head><Body><BasePart><CustomerID >107514</CustomerID><Type>0</Type></BasePart></Body></Packet>  .
2015-10-15 09:58:29  queryPolicyList 出参 ： <?xml version="1.0" encoding="GBK"?>
<Packet><Head><ResquestType>WX050</ResquestType><ResponseCode>1</ResponseCode><ErrorCode>0000</ErrorCode><ErrorMessage>成功</ErrorMessage></Head><Body><PolicyList/></Body></Packet>  .
[2015-10-15 10:00:00]查询核保结果定时任务开始
[2015-10-15 10:00:00]查询核保结果返回报文：<?xml version="1.0" encoding="GBK"?>
<Packet><Head><ResquestType>WX110</ResquestType><ResponseCode>1</ResponseCode><ErrorCode>0000</ErrorCode><ErrorMessage>成功</ErrorMessage></Head><Body><OrderList><Order><CustomerId>101483</CustomerId><TransNo>DT00000182</TransNo></Order></OrderList></Body></Packet>
[2015-10-15 10:00:00]查询核保结果定时任务结束
2015-10-15 10:00:00 customInfo:[]
